- Model name: bert
- Dataset: res14
- Optimizer: adam
- Learning rate: 1e-05
- Dropout: 0.1
- Num epoch: 30
- Batch size: 64
- Pretrained name: bert-base-uncased
- Pretrained dim: 768
- Max seq len: 50
- Polarities dim: 3
- Device: None 

Train size: 3216
Dev size: 300
Test size: 973

Epoch 1|30:
Batch 1|51: loss 1.1236 accuracy 0.3125
Batch 11|51: loss 0.7873 accuracy 0.5938
Batch 21|51: loss 0.6727 accuracy 0.7656
Batch 31|51: loss 0.5931 accuracy 0.7500
Batch 41|51: loss 0.5176 accuracy 0.7812
Batch 51|51: loss 0.3464 accuracy 0.8750
Loss 0.6575 accuracy 0.7249
Time: 24.47
Dev: loss 0.5556 accuracy 0.7750 f1 0.6794
Save model weight !

Epoch 2|30:
Batch 1|51: loss 0.4331 accuracy 0.8594
Batch 11|51: loss 0.1747 accuracy 0.9531
Batch 21|51: loss 0.3101 accuracy 0.8906
Batch 31|51: loss 0.3476 accuracy 0.8906
Batch 41|51: loss 0.2652 accuracy 0.8906
Batch 51|51: loss 0.1465 accuracy 0.9375
Loss 0.3535 accuracy 0.8735
Time: 25.81
Dev: loss 0.4534 accuracy 0.8460 f1 0.7547
Save model weight !

Epoch 3|30:
Batch 1|51: loss 0.3915 accuracy 0.8438
Batch 11|51: loss 0.2075 accuracy 0.9531
Batch 21|51: loss 0.2124 accuracy 0.9375
Batch 31|51: loss 0.2140 accuracy 0.9375
Batch 41|51: loss 0.3227 accuracy 0.8906
Batch 51|51: loss 0.3612 accuracy 0.8750
Loss 0.2086 accuracy 0.9314
Time: 26.53
Dev: loss 0.4886 accuracy 0.8415 f1 0.7533

Epoch 4|30:
Batch 1|51: loss 0.2249 accuracy 0.9375
Batch 11|51: loss 0.1778 accuracy 0.9375
Batch 21|51: loss 0.1931 accuracy 0.9375
Batch 31|51: loss 0.2613 accuracy 0.9219
Batch 41|51: loss 0.1457 accuracy 0.9531
Batch 51|51: loss 0.1379 accuracy 1.0000
Loss 0.1266 accuracy 0.9632
Time: 25.81
Dev: loss 0.5265 accuracy 0.8321 f1 0.7806
Save model weight !

Epoch 5|30:
Batch 1|51: loss 0.1478 accuracy 0.9688
Batch 11|51: loss 0.0410 accuracy 1.0000
Batch 21|51: loss 0.0943 accuracy 0.9688
Batch 31|51: loss 0.1568 accuracy 0.9219
Batch 41|51: loss 0.0625 accuracy 0.9688
Batch 51|51: loss 0.0165 accuracy 1.0000
Loss 0.0777 accuracy 0.9755
Time: 25.87
Dev: loss 0.5519 accuracy 0.8332 f1 0.7780

Epoch 6|30:
Batch 1|51: loss 0.0967 accuracy 0.9688
Batch 11|51: loss 0.0187 accuracy 1.0000
Batch 21|51: loss 0.0161 accuracy 1.0000
Batch 31|51: loss 0.0154 accuracy 1.0000
Batch 41|51: loss 0.1269 accuracy 0.9531
Batch 51|51: loss 0.0058 accuracy 1.0000
Loss 0.0453 accuracy 0.9859
Time: 26.20
Dev: loss 0.5254 accuracy 0.8551 f1 0.8068
Save model weight !

Epoch 7|30:
Batch 1|51: loss 0.0096 accuracy 1.0000
Batch 11|51: loss 0.0161 accuracy 1.0000
Batch 21|51: loss 0.0216 accuracy 1.0000
Batch 31|51: loss 0.0084 accuracy 1.0000
Batch 41|51: loss 0.0128 accuracy 1.0000
Batch 51|51: loss 0.1727 accuracy 0.8750
Loss 0.0318 accuracy 0.9902
Time: 26.03
Dev: loss 0.5881 accuracy 0.8489 f1 0.7818

Epoch 8|30:
Batch 1|51: loss 0.0151 accuracy 1.0000
Batch 11|51: loss 0.0074 accuracy 1.0000
Batch 21|51: loss 0.0091 accuracy 1.0000
Batch 31|51: loss 0.0414 accuracy 0.9844
Batch 41|51: loss 0.0058 accuracy 1.0000
Batch 51|51: loss 0.0086 accuracy 1.0000
Loss 0.0229 accuracy 0.9926
Time: 25.94
Dev: loss 0.6659 accuracy 0.8335 f1 0.7673

Epoch 9|30:
Batch 1|51: loss 0.0243 accuracy 0.9844
Batch 11|51: loss 0.0172 accuracy 1.0000
Batch 21|51: loss 0.0116 accuracy 1.0000
Batch 31|51: loss 0.0036 accuracy 1.0000
Batch 41|51: loss 0.0262 accuracy 1.0000
Batch 51|51: loss 0.0041 accuracy 1.0000
Loss 0.0150 accuracy 0.9957
Time: 25.94
Dev: loss 0.6594 accuracy 0.8520 f1 0.8035

Epoch 10|30:
Batch 1|51: loss 0.0037 accuracy 1.0000
Batch 11|51: loss 0.0049 accuracy 1.0000
Batch 21|51: loss 0.0133 accuracy 1.0000
Batch 31|51: loss 0.0019 accuracy 1.0000
Batch 41|51: loss 0.0129 accuracy 1.0000
Batch 51|51: loss 0.0017 accuracy 1.0000
Loss 0.0105 accuracy 0.9975
Time: 25.96
Dev: loss 0.8037 accuracy 0.8318 f1 0.7589

Epoch 11|30:
Batch 1|51: loss 0.0065 accuracy 1.0000
Batch 11|51: loss 0.0015 accuracy 1.0000
Batch 21|51: loss 0.0032 accuracy 1.0000
Batch 31|51: loss 0.0022 accuracy 1.0000
Batch 41|51: loss 0.0018 accuracy 1.0000
Batch 51|51: loss 0.0022 accuracy 1.0000
Loss 0.0119 accuracy 0.9975
Time: 25.98
Dev: loss 0.7259 accuracy 0.8534 f1 0.7887

Epoch 12|30:
Batch 1|51: loss 0.0024 accuracy 1.0000
Batch 11|51: loss 0.0018 accuracy 1.0000
Batch 21|51: loss 0.0014 accuracy 1.0000
Batch 31|51: loss 0.0041 accuracy 1.0000
Batch 41|51: loss 0.0019 accuracy 1.0000
Batch 51|51: loss 0.0020 accuracy 1.0000
Loss 0.0099 accuracy 0.9982
Time: 26.00
Dev: loss 0.7030 accuracy 0.8520 f1 0.7806

Epoch 13|30:
Batch 1|51: loss 0.0041 accuracy 1.0000
Batch 11|51: loss 0.0046 accuracy 1.0000
Batch 21|51: loss 0.0131 accuracy 1.0000
Batch 31|51: loss 0.0094 accuracy 1.0000
Batch 41|51: loss 0.0030 accuracy 1.0000
Batch 51|51: loss 0.0012 accuracy 1.0000
Loss 0.0306 accuracy 0.9926
Time: 25.96
Dev: loss 0.6711 accuracy 0.8489 f1 0.7814

Epoch 14|30:
Batch 1|51: loss 0.0017 accuracy 1.0000
Batch 11|51: loss 0.0025 accuracy 1.0000
Batch 21|51: loss 0.0024 accuracy 1.0000
Batch 31|51: loss 0.0122 accuracy 1.0000
Batch 41|51: loss 0.0042 accuracy 1.0000
Batch 51|51: loss 0.0016 accuracy 1.0000
Loss 0.0036 accuracy 0.9997
Time: 25.96
Dev: loss 0.7908 accuracy 0.8395 f1 0.7825

Epoch 15|30:
Batch 1|51: loss 0.0095 accuracy 1.0000
Batch 11|51: loss 0.0015 accuracy 1.0000
Batch 21|51: loss 0.0012 accuracy 1.0000
Batch 31|51: loss 0.0011 accuracy 1.0000
Batch 41|51: loss 0.0013 accuracy 1.0000
Batch 51|51: loss 0.0008 accuracy 1.0000
Loss 0.0020 accuracy 1.0000
Time: 25.95
Dev: loss 0.7672 accuracy 0.8520 f1 0.7953

Epoch 16|30:
Batch 1|51: loss 0.0008 accuracy 1.0000
Batch 11|51: loss 0.0020 accuracy 1.0000
Batch 21|51: loss 0.0011 accuracy 1.0000
Batch 31|51: loss 0.0007 accuracy 1.0000
Batch 41|51: loss 0.0009 accuracy 1.0000
Batch 51|51: loss 0.0009 accuracy 1.0000
Loss 0.0015 accuracy 1.0000
Time: 25.95
Dev: loss 0.7953 accuracy 0.8520 f1 0.7953

Epoch 17|30:
Batch 1|51: loss 0.0011 accuracy 1.0000
Batch 11|51: loss 0.0008 accuracy 1.0000
Batch 21|51: loss 0.0006 accuracy 1.0000
Batch 31|51: loss 0.0006 accuracy 1.0000
Batch 41|51: loss 0.0005 accuracy 1.0000
Batch 51|51: loss 0.0005 accuracy 1.0000
Loss 0.0011 accuracy 1.0000
Time: 25.94
Dev: loss 0.8255 accuracy 0.8520 f1 0.7953

Epoch 18|30:
Batch 1|51: loss 0.0006 accuracy 1.0000
Batch 11|51: loss 0.0007 accuracy 1.0000
Batch 21|51: loss 0.0006 accuracy 1.0000
Batch 31|51: loss 0.0008 accuracy 1.0000
Batch 41|51: loss 0.0006 accuracy 1.0000
Batch 51|51: loss 0.0007 accuracy 1.0000
Loss 0.0009 accuracy 1.0000
Time: 25.99
Dev: loss 0.8519 accuracy 0.8489 f1 0.7906

Epoch 19|30:
Batch 1|51: loss 0.0006 accuracy 1.0000
Batch 11|51: loss 0.0005 accuracy 1.0000
Batch 21|51: loss 0.0006 accuracy 1.0000
Batch 31|51: loss 0.0005 accuracy 1.0000
Batch 41|51: loss 0.0003 accuracy 1.0000
Batch 51|51: loss 0.0003 accuracy 1.0000
Loss 0.0007 accuracy 1.0000
Time: 26.05
Dev: loss 0.8698 accuracy 0.8520 f1 0.7929

Epoch 20|30:
Batch 1|51: loss 0.0004 accuracy 1.0000
Batch 11|51: loss 0.0004 accuracy 1.0000
Batch 21|51: loss 0.0003 accuracy 1.0000
Batch 31|51: loss 0.0004 accuracy 1.0000
Batch 41|51: loss 0.0009 accuracy 1.0000
Batch 51|51: loss 0.0015 accuracy 1.0000
Loss 0.0005 accuracy 1.0000
Time: 26.02
Dev: loss 0.8996 accuracy 0.8520 f1 0.7929

Epoch 21|30:
Batch 1|51: loss 0.0003 accuracy 1.0000
Batch 11|51: loss 0.0004 accuracy 1.0000
Batch 21|51: loss 0.0004 accuracy 1.0000
Batch 31|51: loss 0.0003 accuracy 1.0000
Batch 41|51: loss 0.0003 accuracy 1.0000
Batch 51|51: loss 0.0003 accuracy 1.0000
Loss 0.0003 accuracy 1.0000
Time: 25.95
Dev: loss 0.9343 accuracy 0.8520 f1 0.7929

Epoch 22|30:
Batch 1|51: loss 0.0003 accuracy 1.0000
Batch 11|51: loss 0.0002 accuracy 1.0000
Batch 21|51: loss 0.0002 accuracy 1.0000
Batch 31|51: loss 0.0002 accuracy 1.0000
Batch 41|51: loss 0.0003 accuracy 1.0000
Batch 51|51: loss 0.0002 accuracy 1.0000
Loss 0.0003 accuracy 1.0000
Time: 25.92
Dev: loss 0.9609 accuracy 0.8489 f1 0.7906

Epoch 23|30:
Batch 1|51: loss 0.0002 accuracy 1.0000
Batch 11|51: loss 0.0002 accuracy 1.0000
Batch 21|51: loss 0.0002 accuracy 1.0000
Batch 31|51: loss 0.0002 accuracy 1.0000
Batch 41|51: loss 0.0002 accuracy 1.0000
Batch 51|51: loss 0.0003 accuracy 1.0000
Loss 0.0002 accuracy 1.0000
Time: 26.01
Dev: loss 0.9832 accuracy 0.8520 f1 0.7934

Epoch 24|30:
Batch 1|51: loss 0.0002 accuracy 1.0000
Batch 11|51: loss 0.0001 accuracy 1.0000
Batch 21|51: loss 0.0001 accuracy 1.0000
Batch 31|51: loss 0.0001 accuracy 1.0000
Batch 41|51: loss 0.0001 accuracy 1.0000
Batch 51|51: loss 0.0002 accuracy 1.0000
Loss 0.0002 accuracy 1.0000
Time: 26.05
Dev: loss 1.0144 accuracy 0.8520 f1 0.7934

Epoch 25|30:
Batch 1|51: loss 0.0001 accuracy 1.0000
Batch 11|51: loss 0.0001 accuracy 1.0000
Batch 21|51: loss 0.0001 accuracy 1.0000
Batch 31|51: loss 0.0001 accuracy 1.0000
Batch 41|51: loss 0.0001 accuracy 1.0000
Batch 51|51: loss 0.0002 accuracy 1.0000
Loss 0.0001 accuracy 1.0000
Time: 26.04
Dev: loss 1.0360 accuracy 0.8520 f1 0.7913

Epoch 26|30:
Batch 1|51: loss 0.0001 accuracy 1.0000
Batch 11|51: loss 0.0001 accuracy 1.0000
Batch 21|51: loss 0.0001 accuracy 1.0000
Batch 31|51: loss 0.0001 accuracy 1.0000
Batch 41|51: loss 0.0001 accuracy 1.0000
Batch 51|51: loss 0.0001 accuracy 1.0000
Loss 0.0001 accuracy 1.0000
Time: 26.06
Dev: loss 1.0664 accuracy 0.8520 f1 0.7913

Epoch 27|30:
Batch 1|51: loss 0.0001 accuracy 1.0000
Batch 11|51: loss 0.0001 accuracy 1.0000
Batch 21|51: loss 0.0001 accuracy 1.0000
Batch 31|51: loss 0.0001 accuracy 1.0000
Batch 41|51: loss 0.0001 accuracy 1.0000
Batch 51|51: loss 0.0001 accuracy 1.0000
Loss 0.0001 accuracy 1.0000
Time: 26.04
Dev: loss 1.1045 accuracy 0.8489 f1 0.7889

Epoch 28|30:
Batch 1|51: loss 0.0001 accuracy 1.0000
Batch 11|51: loss 0.0001 accuracy 1.0000
Batch 21|51: loss 0.0001 accuracy 1.0000
Batch 31|51: loss 0.0001 accuracy 1.0000
Batch 41|51: loss 0.0001 accuracy 1.0000
Batch 51|51: loss 0.0001 accuracy 1.0000
Loss 0.0001 accuracy 1.0000
Time: 26.00
Dev: loss 1.1307 accuracy 0.8489 f1 0.7889

Epoch 29|30:
Batch 1|51: loss 0.0001 accuracy 1.0000
Batch 11|51: loss 0.0001 accuracy 1.0000
Batch 21|51: loss 0.0001 accuracy 1.0000
Batch 31|51: loss 0.0000 accuracy 1.0000
Batch 41|51: loss 0.0000 accuracy 1.0000
Batch 51|51: loss 0.0001 accuracy 1.0000
Loss 0.0001 accuracy 1.0000
Time: 25.98
Dev: loss 1.1703 accuracy 0.8534 f1 0.8006

Epoch 30|30:
Batch 1|51: loss 0.0000 accuracy 1.0000
Batch 11|51: loss 0.0000 accuracy 1.0000
Batch 21|51: loss 0.0000 accuracy 1.0000
Batch 31|51: loss 0.0000 accuracy 1.0000
Batch 41|51: loss 0.0000 accuracy 1.0000
Batch 51|51: loss 0.0000 accuracy 1.0000
Loss 0.0000 accuracy 1.0000
Time: 25.97
Dev: loss 1.2020 accuracy 0.8534 f1 0.8006

Restore best model !
Test: accuracy 0.8859 f1 0.8036 

