- Dataset: res14
- Optimizer: adam
- Learning rate: 0.001
- Num epoch: 100
- Batch size: 16
- Hidden dim: 100
- Polarities dim: 3
- Device: None 

Restore roberta model !
Dev: accuracy 0.8465 f1 0.7511

Restore bert model !
Dev: accuracy 0.8542 f1 0.7743

Restore xlnet model !
Dev: accuracy 0.8739 f1 0.7825

Restore xlmr model !
Dev: accuracy 0.8465 f1 0.7525

Start training meta model!

Epoch 1|100:
Batch 1|13: loss 0.8747 accuracy 0.6875
Batch 11|13: loss 0.3386 accuracy 0.9375
Loss 0.5335 accuracy 0.8221 f1 0.6864
Time: 0.05
Dev: loss 0.3356 accuracy 0.9196 f1 0.8344
Save model weight !

Epoch 2|100:
Batch 1|13: loss 0.2209 accuracy 0.9375
Batch 11|13: loss 0.4014 accuracy 0.8750
Loss 0.4056 accuracy 0.8462 f1 0.7232
Time: 0.03
Dev: loss 0.3186 accuracy 0.9196 f1 0.8256

Epoch 3|100:
Batch 1|13: loss 0.5506 accuracy 0.7500
Batch 11|13: loss 0.1271 accuracy 1.0000
Loss 0.3743 accuracy 0.8606 f1 0.7865
Time: 0.03
Dev: loss 0.4012 accuracy 0.8929 f1 0.7797

Epoch 4|100:
Batch 1|13: loss 0.3682 accuracy 0.9375
Batch 11|13: loss 0.1204 accuracy 1.0000
Loss 0.3676 accuracy 0.8702 f1 0.7827
Time: 0.03
Dev: loss 0.3216 accuracy 0.9196 f1 0.8415
Save model weight !

Epoch 5|100:
Batch 1|13: loss 0.2279 accuracy 0.8750
Batch 11|13: loss 0.4271 accuracy 0.8125
Loss 0.3721 accuracy 0.8558 f1 0.7741
Time: 0.03
Dev: loss 0.3096 accuracy 0.9196 f1 0.8390

Epoch 6|100:
Batch 1|13: loss 0.1702 accuracy 0.9375
Batch 11|13: loss 0.1103 accuracy 1.0000
Loss 0.3639 accuracy 0.8606 f1 0.7541
Time: 0.03
Dev: loss 0.3098 accuracy 0.9196 f1 0.8589
Save model weight !

Epoch 7|100:
Batch 1|13: loss 0.3354 accuracy 0.8750
Batch 11|13: loss 0.1676 accuracy 0.9375
Loss 0.3373 accuracy 0.8702 f1 0.7640
Time: 0.04
Dev: loss 0.4127 accuracy 0.8929 f1 0.7913

Epoch 8|100:
Batch 1|13: loss 0.2208 accuracy 0.9375
Batch 11|13: loss 0.1884 accuracy 0.9375
Loss 0.3387 accuracy 0.8654 f1 0.7375
Time: 0.03
Dev: loss 0.3300 accuracy 0.9196 f1 0.7969

Epoch 9|100:
Batch 1|13: loss 0.2788 accuracy 0.8750
Batch 11|13: loss 0.1385 accuracy 1.0000
Loss 0.3446 accuracy 0.8654 f1 0.7904
Time: 0.03
Dev: loss 0.3142 accuracy 0.9018 f1 0.7762

Epoch 10|100:
Batch 1|13: loss 0.3426 accuracy 0.9375
Batch 11|13: loss 0.1779 accuracy 0.9375
Loss 0.3350 accuracy 0.8750 f1 0.7629
Time: 0.03
Dev: loss 0.3540 accuracy 0.8750 f1 0.7767

Epoch 11|100:
Batch 1|13: loss 0.3013 accuracy 0.8125
Batch 11|13: loss 0.5790 accuracy 0.8125
Loss 0.3364 accuracy 0.8702 f1 0.7740
Time: 0.03
Dev: loss 0.4270 accuracy 0.8571 f1 0.7374

Epoch 12|100:
Batch 1|13: loss 0.1746 accuracy 0.9375
Batch 11|13: loss 0.6899 accuracy 0.7500
Loss 0.3302 accuracy 0.8702 f1 0.7833
Time: 0.03
Dev: loss 0.4468 accuracy 0.8304 f1 0.7182

Epoch 13|100:
Batch 1|13: loss 0.2930 accuracy 0.8125
Batch 11|13: loss 0.2824 accuracy 0.9375
Loss 0.3355 accuracy 0.8750 f1 0.8050
Time: 0.03
Dev: loss 0.4263 accuracy 0.8571 f1 0.7588

Epoch 14|100:
Batch 1|13: loss 0.3302 accuracy 0.9375
Batch 11|13: loss 0.4556 accuracy 0.8125
Loss 0.3139 accuracy 0.8846 f1 0.8109
Time: 0.03
Dev: loss 0.4273 accuracy 0.8571 f1 0.7740

Epoch 15|100:
Batch 1|13: loss 0.2887 accuracy 0.8750
Batch 11|13: loss 0.3474 accuracy 0.8750
Loss 0.3068 accuracy 0.8750 f1 0.8034
Time: 0.03
Dev: loss 0.3993 accuracy 0.8571 f1 0.7216

Epoch 16|100:
Batch 1|13: loss 0.1032 accuracy 1.0000
Batch 11|13: loss 0.1014 accuracy 1.0000
Loss 0.3099 accuracy 0.8846 f1 0.8077
Time: 0.03
Dev: loss 0.4411 accuracy 0.8571 f1 0.7641

Epoch 17|100:
Batch 1|13: loss 0.1232 accuracy 1.0000
Batch 11|13: loss 0.4575 accuracy 0.8125
Loss 0.2951 accuracy 0.8846 f1 0.7856
Time: 0.03
Dev: loss 0.4712 accuracy 0.8304 f1 0.7257

Epoch 18|100:
Batch 1|13: loss 0.1892 accuracy 0.9375
Batch 11|13: loss 0.1539 accuracy 1.0000
Loss 0.2926 accuracy 0.8894 f1 0.8063
Time: 0.03
Dev: loss 0.3355 accuracy 0.8839 f1 0.8025

Epoch 19|100:
Batch 1|13: loss 0.2676 accuracy 0.8750
Batch 11|13: loss 0.3073 accuracy 0.8750
Loss 0.3074 accuracy 0.8846 f1 0.8116
Time: 0.03
Dev: loss 0.4332 accuracy 0.8571 f1 0.6812

Epoch 20|100:
Batch 1|13: loss 0.2986 accuracy 0.8750
Batch 11|13: loss 0.4307 accuracy 0.8125
Loss 0.2866 accuracy 0.8894 f1 0.8260
Time: 0.03
Dev: loss 0.3370 accuracy 0.8839 f1 0.7865

Epoch 21|100:
Batch 1|13: loss 0.2986 accuracy 0.9375
Batch 11|13: loss 0.2097 accuracy 0.9375
Loss 0.2825 accuracy 0.9038 f1 0.8010
Time: 0.03
Dev: loss 0.3471 accuracy 0.8839 f1 0.7228

Epoch 22|100:
Batch 1|13: loss 0.2159 accuracy 0.8750
Batch 11|13: loss 0.2000 accuracy 0.9375
Loss 0.3059 accuracy 0.8942 f1 0.8458
Time: 0.03
Dev: loss 0.4661 accuracy 0.8304 f1 0.7203

Epoch 23|100:
Batch 1|13: loss 0.2387 accuracy 0.9375
Batch 11|13: loss 0.4002 accuracy 0.8750
Loss 0.2901 accuracy 0.8942 f1 0.8063
Time: 0.03
Dev: loss 0.3444 accuracy 0.8839 f1 0.7509

Epoch 24|100:
Batch 1|13: loss 0.2133 accuracy 0.8750
Batch 11|13: loss 0.2223 accuracy 0.9375
Loss 0.2803 accuracy 0.8990 f1 0.7693
Time: 0.03
Dev: loss 0.3559 accuracy 0.8839 f1 0.7625

Epoch 25|100:
Batch 1|13: loss 0.2719 accuracy 0.8750
Batch 11|13: loss 0.1713 accuracy 0.9375
Loss 0.2801 accuracy 0.8894 f1 0.8173
Time: 0.03
Dev: loss 0.3607 accuracy 0.8839 f1 0.7788

Epoch 26|100:
Batch 1|13: loss 0.3440 accuracy 0.8750
Batch 11|13: loss 0.1951 accuracy 0.9375
Loss 0.2755 accuracy 0.8990 f1 0.8332
Time: 0.03
Dev: loss 0.3478 accuracy 0.8839 f1 0.7854

Epoch 27|100:
Batch 1|13: loss 0.2386 accuracy 0.9375
Batch 11|13: loss 0.1758 accuracy 0.9375
Loss 0.2670 accuracy 0.8990 f1 0.8429
Time: 0.03
Dev: loss 0.3469 accuracy 0.8839 f1 0.7436

Epoch 28|100:
Batch 1|13: loss 0.1085 accuracy 1.0000
Batch 11|13: loss 0.1560 accuracy 0.9375
Loss 0.2587 accuracy 0.8990 f1 0.8222
Time: 0.03
Dev: loss 0.3933 accuracy 0.8482 f1 0.6683

Epoch 29|100:
Batch 1|13: loss 0.3121 accuracy 0.8750
Batch 11|13: loss 0.0481 accuracy 1.0000
Loss 0.2662 accuracy 0.8990 f1 0.8110
Time: 0.03
Dev: loss 0.3498 accuracy 0.8750 f1 0.7819

Epoch 30|100:
Batch 1|13: loss 0.2177 accuracy 0.8750
Batch 11|13: loss 0.1550 accuracy 0.9375
Loss 0.2552 accuracy 0.9038 f1 0.8104
Time: 0.03
Dev: loss 0.4117 accuracy 0.8304 f1 0.7010

Epoch 31|100:
Batch 1|13: loss 0.4843 accuracy 0.7500
Batch 11|13: loss 0.4184 accuracy 0.8125
Loss 0.2521 accuracy 0.8990 f1 0.8311
Time: 0.03
Dev: loss 0.3493 accuracy 0.8929 f1 0.7519

Epoch 32|100:
Batch 1|13: loss 0.3119 accuracy 0.8750
Batch 11|13: loss 0.1217 accuracy 1.0000
Loss 0.2520 accuracy 0.8990 f1 0.8596
Time: 0.03
Dev: loss 0.3533 accuracy 0.8750 f1 0.7673

Epoch 33|100:
Batch 1|13: loss 0.1157 accuracy 0.9375
Batch 11|13: loss 0.1551 accuracy 0.9375
Loss 0.2553 accuracy 0.9087 f1 0.8248
Time: 0.03
Dev: loss 0.3748 accuracy 0.8393 f1 0.6790

Epoch 34|100:
Batch 1|13: loss 0.5451 accuracy 0.8125
Batch 11|13: loss 0.1979 accuracy 0.9375
Loss 0.2505 accuracy 0.9038 f1 0.8280
Time: 0.03
Dev: loss 0.4524 accuracy 0.8571 f1 0.7154

Epoch 35|100:
Batch 1|13: loss 0.1129 accuracy 1.0000
Batch 11|13: loss 0.5032 accuracy 0.8750
Loss 0.2429 accuracy 0.8990 f1 0.8018
Time: 0.03
Dev: loss 0.3614 accuracy 0.8750 f1 0.7561

Epoch 36|100:
Batch 1|13: loss 0.3471 accuracy 0.8125
Batch 11|13: loss 0.4162 accuracy 0.8125
Loss 0.2373 accuracy 0.9038 f1 0.8519
Time: 0.03
Dev: loss 0.3563 accuracy 0.8750 f1 0.7885

Epoch 37|100:
Batch 1|13: loss 0.1206 accuracy 0.9375
Batch 11|13: loss 0.3203 accuracy 0.8750
Loss 0.2517 accuracy 0.9038 f1 0.8183
Time: 0.03
Dev: loss 0.4637 accuracy 0.8482 f1 0.7128

Epoch 38|100:
Batch 1|13: loss 0.2407 accuracy 0.8125
Batch 11|13: loss 0.0977 accuracy 1.0000
Loss 0.2472 accuracy 0.9038 f1 0.7913
Time: 0.03
Dev: loss 0.3638 accuracy 0.8839 f1 0.7715

Epoch 39|100:
Batch 1|13: loss 0.2393 accuracy 1.0000
Batch 11|13: loss 0.0591 accuracy 1.0000
Loss 0.2444 accuracy 0.9038 f1 0.8622
Time: 0.03
Dev: loss 0.3594 accuracy 0.8839 f1 0.8071

Epoch 40|100:
Batch 1|13: loss 0.2907 accuracy 0.8125
Batch 11|13: loss 0.2474 accuracy 0.9375
Loss 0.2301 accuracy 0.9135 f1 0.8694
Time: 0.03
Dev: loss 0.3792 accuracy 0.8482 f1 0.6709

Epoch 41|100:
Batch 1|13: loss 0.0932 accuracy 1.0000
Batch 11|13: loss 0.2171 accuracy 0.8750
Loss 0.2260 accuracy 0.9135 f1 0.8433
Time: 0.03
Dev: loss 0.3608 accuracy 0.8750 f1 0.7387

Epoch 42|100:
Batch 1|13: loss 0.1088 accuracy 1.0000
Batch 11|13: loss 0.3053 accuracy 0.8750
Loss 0.2223 accuracy 0.9135 f1 0.8653
Time: 0.03
Dev: loss 0.3754 accuracy 0.8750 f1 0.7447

Epoch 43|100:
Batch 1|13: loss 0.0799 accuracy 1.0000
Batch 11|13: loss 0.3648 accuracy 0.8125
Loss 0.2279 accuracy 0.9087 f1 0.8385
Time: 0.03
Dev: loss 0.3773 accuracy 0.8750 f1 0.7733

Epoch 44|100:
Batch 1|13: loss 0.1912 accuracy 0.8750
Batch 11|13: loss 0.3904 accuracy 0.8750
Loss 0.2202 accuracy 0.9231 f1 0.8790
Time: 0.03
Dev: loss 0.5219 accuracy 0.8482 f1 0.7018

Epoch 45|100:
Batch 1|13: loss 0.3237 accuracy 0.8750
Batch 11|13: loss 0.1352 accuracy 1.0000
Loss 0.2177 accuracy 0.9135 f1 0.8780
Time: 0.03
Dev: loss 0.3788 accuracy 0.8750 f1 0.8079

Epoch 46|100:
Batch 1|13: loss 0.2878 accuracy 0.8125
Batch 11|13: loss 0.1155 accuracy 1.0000
Loss 0.2131 accuracy 0.9183 f1 0.8660
Time: 0.03
Dev: loss 0.3656 accuracy 0.8750 f1 0.7500

Epoch 47|100:
Batch 1|13: loss 0.2605 accuracy 0.8750
Batch 11|13: loss 0.3132 accuracy 0.8750
Loss 0.2149 accuracy 0.9135 f1 0.8891
Time: 0.04
Dev: loss 0.3700 accuracy 0.8661 f1 0.7010

Epoch 48|100:
Batch 1|13: loss 0.3900 accuracy 0.8750
Batch 11|13: loss 0.1348 accuracy 1.0000
Loss 0.2088 accuracy 0.9183 f1 0.8554
Time: 0.03
Dev: loss 0.3841 accuracy 0.8661 f1 0.6894

Epoch 49|100:
Batch 1|13: loss 0.1018 accuracy 0.9375
Batch 11|13: loss 0.5307 accuracy 0.7500
Loss 0.2084 accuracy 0.9183 f1 0.8871
Time: 0.03
Dev: loss 0.5263 accuracy 0.8125 f1 0.6509

Epoch 50|100:
Batch 1|13: loss 0.2193 accuracy 0.8750
Batch 11|13: loss 0.1541 accuracy 1.0000
Loss 0.2092 accuracy 0.9087 f1 0.8465
Time: 0.03
Dev: loss 0.4563 accuracy 0.8304 f1 0.6455

Epoch 51|100:
Batch 1|13: loss 0.3823 accuracy 0.8750
Batch 11|13: loss 0.1122 accuracy 0.9375
Loss 0.2154 accuracy 0.9183 f1 0.8879
Time: 0.03
Dev: loss 0.4285 accuracy 0.8304 f1 0.7244

Epoch 52|100:
Batch 1|13: loss 0.1133 accuracy 0.9375
Batch 11|13: loss 0.1292 accuracy 1.0000
Loss 0.2120 accuracy 0.9183 f1 0.8769
Time: 0.03
Dev: loss 0.3752 accuracy 0.8482 f1 0.6894

Epoch 53|100:
Batch 1|13: loss 0.4938 accuracy 0.8750
Batch 11|13: loss 0.2994 accuracy 0.8750
Loss 0.2153 accuracy 0.9087 f1 0.8159
Time: 0.03
Dev: loss 0.4073 accuracy 0.8125 f1 0.6927

Epoch 54|100:
Batch 1|13: loss 0.2159 accuracy 0.9375
Batch 11|13: loss 0.1573 accuracy 0.9375
Loss 0.1958 accuracy 0.9183 f1 0.8739
Time: 0.03
Dev: loss 0.3729 accuracy 0.8482 f1 0.7481

Epoch 55|100:
Batch 1|13: loss 0.2100 accuracy 0.8750
Batch 11|13: loss 0.1007 accuracy 1.0000
Loss 0.1949 accuracy 0.9135 f1 0.8480
Time: 0.03
Dev: loss 0.4082 accuracy 0.8214 f1 0.6671

Epoch 56|100:
Batch 1|13: loss 0.0824 accuracy 1.0000
Batch 11|13: loss 0.2066 accuracy 0.8750
Loss 0.1940 accuracy 0.9231 f1 0.8276
Time: 0.03
Dev: loss 0.4515 accuracy 0.8214 f1 0.6803

Epoch 57|100:
Batch 1|13: loss 0.1567 accuracy 0.9375
Batch 11|13: loss 0.1226 accuracy 0.9375
Loss 0.2016 accuracy 0.9183 f1 0.8601
Time: 0.03
Dev: loss 0.3687 accuracy 0.8482 f1 0.7236

Epoch 58|100:
Batch 1|13: loss 0.6121 accuracy 0.7500
Batch 11|13: loss 0.1300 accuracy 0.9375
Loss 0.1894 accuracy 0.9183 f1 0.8517
Time: 0.03
Dev: loss 0.3740 accuracy 0.8482 f1 0.7376

Epoch 59|100:
Batch 1|13: loss 0.0818 accuracy 1.0000
Batch 11|13: loss 0.1590 accuracy 0.9375
Loss 0.1999 accuracy 0.9183 f1 0.8257
Time: 0.03
Dev: loss 0.3803 accuracy 0.8482 f1 0.7593

Epoch 60|100:
Batch 1|13: loss 0.1403 accuracy 0.9375
Batch 11|13: loss 0.2137 accuracy 0.8750
Loss 0.1870 accuracy 0.9231 f1 0.8693
Time: 0.03
Dev: loss 0.3829 accuracy 0.8482 f1 0.7267

Epoch 61|100:
Batch 1|13: loss 0.1418 accuracy 1.0000
Batch 11|13: loss 0.3336 accuracy 0.7500
Loss 0.1820 accuracy 0.9279 f1 0.8815
Time: 0.03
Dev: loss 0.3837 accuracy 0.8482 f1 0.7540

Epoch 62|100:
Batch 1|13: loss 0.1228 accuracy 0.9375
Batch 11|13: loss 0.2063 accuracy 0.9375
Loss 0.1797 accuracy 0.9375 f1 0.8844
Time: 0.03
Dev: loss 0.6028 accuracy 0.7946 f1 0.6774

Epoch 63|100:
Batch 1|13: loss 0.5990 accuracy 0.6875
Batch 11|13: loss 0.1640 accuracy 0.9375
Loss 0.1848 accuracy 0.9279 f1 0.8833
Time: 0.03
Dev: loss 0.3853 accuracy 0.8393 f1 0.7153

Epoch 64|100:
Batch 1|13: loss 0.2060 accuracy 0.8750
Batch 11|13: loss 0.1868 accuracy 0.9375
Loss 0.1766 accuracy 0.9327 f1 0.8826
Time: 0.03
Dev: loss 0.3885 accuracy 0.8482 f1 0.7193

Epoch 65|100:
Batch 1|13: loss 0.0779 accuracy 1.0000
Batch 11|13: loss 0.1355 accuracy 0.9375
Loss 0.1802 accuracy 0.9279 f1 0.8986
Time: 0.04
Dev: loss 0.4145 accuracy 0.8125 f1 0.6358

Epoch 66|100:
Batch 1|13: loss 0.1454 accuracy 0.9375
Batch 11|13: loss 0.1276 accuracy 0.9375
Loss 0.1781 accuracy 0.9279 f1 0.8846
Time: 0.03
Dev: loss 0.3868 accuracy 0.8393 f1 0.7018

Epoch 67|100:
Batch 1|13: loss 0.3317 accuracy 0.8750
Batch 11|13: loss 0.2413 accuracy 0.8750
Loss 0.1743 accuracy 0.9375 f1 0.9134
Time: 0.03
Dev: loss 0.3925 accuracy 0.8482 f1 0.7572

Epoch 68|100:
Batch 1|13: loss 0.0606 accuracy 1.0000
Batch 11|13: loss 0.1031 accuracy 1.0000
Loss 0.1780 accuracy 0.9279 f1 0.8382
Time: 0.03
Dev: loss 0.4305 accuracy 0.8214 f1 0.7197

Epoch 69|100:
Batch 1|13: loss 0.2104 accuracy 0.9375
Batch 11|13: loss 0.1411 accuracy 0.9375
Loss 0.1707 accuracy 0.9423 f1 0.9122
Time: 0.03
Dev: loss 0.4279 accuracy 0.8125 f1 0.6845

Epoch 70|100:
Batch 1|13: loss 0.0792 accuracy 1.0000
Batch 11|13: loss 0.1280 accuracy 0.9375
Loss 0.1679 accuracy 0.9471 f1 0.8833
Time: 0.03
Dev: loss 0.3912 accuracy 0.8482 f1 0.7563

Epoch 71|100:
Batch 1|13: loss 0.2783 accuracy 0.8125
Batch 11|13: loss 0.1423 accuracy 0.9375
Loss 0.1706 accuracy 0.9423 f1 0.9044
Time: 0.03
Dev: loss 0.4660 accuracy 0.8214 f1 0.6389

Epoch 72|100:
Batch 1|13: loss 0.0863 accuracy 1.0000
Batch 11|13: loss 0.1000 accuracy 1.0000
Loss 0.1699 accuracy 0.9327 f1 0.9045
Time: 0.03
Dev: loss 0.4030 accuracy 0.8482 f1 0.7424

Epoch 73|100:
Batch 1|13: loss 0.1241 accuracy 0.9375
Batch 11|13: loss 0.0695 accuracy 1.0000
Loss 0.1596 accuracy 0.9423 f1 0.8621
Time: 0.03
Dev: loss 0.4372 accuracy 0.8125 f1 0.5980

Epoch 74|100:
Batch 1|13: loss 0.2523 accuracy 0.8750
Batch 11|13: loss 0.1437 accuracy 0.9375
Loss 0.1588 accuracy 0.9423 f1 0.8839
Time: 0.03
Dev: loss 0.4565 accuracy 0.8125 f1 0.6348

Epoch 75|100:
Batch 1|13: loss 0.1421 accuracy 0.9375
Batch 11|13: loss 0.1108 accuracy 1.0000
Loss 0.1585 accuracy 0.9423 f1 0.8844
Time: 0.03
Dev: loss 0.4949 accuracy 0.8125 f1 0.6926

Epoch 76|100:
Batch 1|13: loss 0.0749 accuracy 1.0000
Batch 11|13: loss 0.2526 accuracy 0.9375
Loss 0.1604 accuracy 0.9375 f1 0.8929
Time: 0.03
Dev: loss 0.4787 accuracy 0.8214 f1 0.7180

Epoch 77|100:
Batch 1|13: loss 0.1051 accuracy 1.0000
Batch 11|13: loss 0.1054 accuracy 0.9375
Loss 0.1570 accuracy 0.9423 f1 0.8913
Time: 0.03
Dev: loss 0.4548 accuracy 0.7857 f1 0.6727

Epoch 78|100:
Batch 1|13: loss 0.1955 accuracy 0.9375
Batch 11|13: loss 0.1281 accuracy 1.0000
Loss 0.1527 accuracy 0.9471 f1 0.9115
Time: 0.03
Dev: loss 0.4204 accuracy 0.8393 f1 0.6766

Epoch 79|100:
Batch 1|13: loss 0.1301 accuracy 0.9375
Batch 11|13: loss 0.0696 accuracy 1.0000
Loss 0.1549 accuracy 0.9519 f1 0.9416
Time: 0.03
Dev: loss 0.4917 accuracy 0.7857 f1 0.6309

Epoch 80|100:
Batch 1|13: loss 0.3686 accuracy 0.8750
Batch 11|13: loss 0.0992 accuracy 0.9375
Loss 0.1504 accuracy 0.9471 f1 0.9044
Time: 0.03
Dev: loss 0.4592 accuracy 0.8125 f1 0.6477

Epoch 81|100:
Batch 1|13: loss 0.0666 accuracy 1.0000
Batch 11|13: loss 0.1879 accuracy 0.9375
Loss 0.1470 accuracy 0.9519 f1 0.8792
Time: 0.03
Dev: loss 0.4550 accuracy 0.8125 f1 0.7404

Epoch 82|100:
Batch 1|13: loss 0.1941 accuracy 0.9375
Batch 11|13: loss 0.0978 accuracy 0.9375
Loss 0.1496 accuracy 0.9375 f1 0.8769
Time: 0.03
Dev: loss 0.4558 accuracy 0.8125 f1 0.6372

Epoch 83|100:
Batch 1|13: loss 0.0963 accuracy 0.9375
Batch 11|13: loss 0.1713 accuracy 0.9375
Loss 0.1454 accuracy 0.9471 f1 0.9233
Time: 0.03
Dev: loss 0.4606 accuracy 0.8125 f1 0.6714

Epoch 84|100:
Batch 1|13: loss 0.0814 accuracy 0.9375
Batch 11|13: loss 0.1228 accuracy 1.0000
Loss 0.1481 accuracy 0.9567 f1 0.9057
Time: 0.04
Dev: loss 0.7004 accuracy 0.7589 f1 0.6315

Epoch 85|100:
Batch 1|13: loss 0.0528 accuracy 1.0000
Batch 11|13: loss 0.2722 accuracy 0.8750
Loss 0.1431 accuracy 0.9519 f1 0.9282
Time: 0.03
Dev: loss 0.5187 accuracy 0.8125 f1 0.6742

Epoch 86|100:
Batch 1|13: loss 0.2052 accuracy 0.9375
Batch 11|13: loss 0.2408 accuracy 0.8750
Loss 0.1395 accuracy 0.9567 f1 0.9356
Time: 0.03
Dev: loss 0.4918 accuracy 0.7946 f1 0.6918

Epoch 87|100:
Batch 1|13: loss 0.0810 accuracy 1.0000
Batch 11|13: loss 0.0642 accuracy 1.0000
Loss 0.1521 accuracy 0.9567 f1 0.9037
Time: 0.03
Dev: loss 0.4362 accuracy 0.8393 f1 0.6740

Epoch 88|100:
Batch 1|13: loss 0.0501 accuracy 1.0000
Batch 11|13: loss 0.1022 accuracy 1.0000
Loss 0.1425 accuracy 0.9567 f1 0.9173
Time: 0.03
Dev: loss 0.4357 accuracy 0.8482 f1 0.7602

Epoch 89|100:
Batch 1|13: loss 0.2242 accuracy 0.9375
Batch 11|13: loss 0.0749 accuracy 1.0000
Loss 0.1352 accuracy 0.9615 f1 0.9123
Time: 0.03
Dev: loss 0.4822 accuracy 0.8214 f1 0.6858

Epoch 90|100:
Batch 1|13: loss 0.3536 accuracy 0.8750
Batch 11|13: loss 0.1096 accuracy 1.0000
Loss 0.1333 accuracy 0.9567 f1 0.9358
Time: 0.03
Dev: loss 0.4491 accuracy 0.8125 f1 0.6278

Epoch 91|100:
Batch 1|13: loss 0.1735 accuracy 0.9375
Batch 11|13: loss 0.1294 accuracy 0.9375
Loss 0.1337 accuracy 0.9663 f1 0.9312
Time: 0.03
Dev: loss 0.4864 accuracy 0.8125 f1 0.6988

Epoch 92|100:
Batch 1|13: loss 0.0647 accuracy 1.0000
Batch 11|13: loss 0.0411 accuracy 1.0000
Loss 0.1340 accuracy 0.9519 f1 0.9148
Time: 0.03
Dev: loss 0.4403 accuracy 0.8393 f1 0.7201

Epoch 93|100:
Batch 1|13: loss 0.1451 accuracy 0.9375
Batch 11|13: loss 0.1359 accuracy 1.0000
Loss 0.1335 accuracy 0.9663 f1 0.9463
Time: 0.03
Dev: loss 0.4838 accuracy 0.8214 f1 0.7376

Epoch 94|100:
Batch 1|13: loss 0.3190 accuracy 0.8750
Batch 11|13: loss 0.2601 accuracy 0.9375
Loss 0.1263 accuracy 0.9663 f1 0.9507
Time: 0.03
Dev: loss 0.4458 accuracy 0.8393 f1 0.7207

Epoch 95|100:
Batch 1|13: loss 0.0810 accuracy 1.0000
Batch 11|13: loss 0.0563 accuracy 1.0000
Loss 0.1319 accuracy 0.9663 f1 0.9570
Time: 0.03
Dev: loss 0.4398 accuracy 0.8393 f1 0.7279

Epoch 96|100:
Batch 1|13: loss 0.2654 accuracy 0.8750
Batch 11|13: loss 0.1321 accuracy 1.0000
Loss 0.1263 accuracy 0.9712 f1 0.9523
Time: 0.03
Dev: loss 0.4445 accuracy 0.8393 f1 0.6950

Epoch 97|100:
Batch 1|13: loss 0.3122 accuracy 0.9375
Batch 11|13: loss 0.0678 accuracy 0.9375
Loss 0.1232 accuracy 0.9615 f1 0.9222
Time: 0.03
Dev: loss 0.4457 accuracy 0.8482 f1 0.7346

Epoch 98|100:
Batch 1|13: loss 0.3618 accuracy 0.8125
Batch 11|13: loss 0.1029 accuracy 1.0000
Loss 0.1298 accuracy 0.9712 f1 0.9414
Time: 0.03
Dev: loss 0.4448 accuracy 0.8393 f1 0.7340

Epoch 99|100:
Batch 1|13: loss 0.0883 accuracy 1.0000
Batch 11|13: loss 0.1635 accuracy 0.9375
Loss 0.1220 accuracy 0.9615 f1 0.9426
Time: 0.03
Dev: loss 0.4871 accuracy 0.8214 f1 0.6767

Epoch 100|100:
Batch 1|13: loss 0.0387 accuracy 1.0000
Batch 11|13: loss 0.1152 accuracy 0.9375
Loss 0.1241 accuracy 0.9663 f1 0.9034
Time: 0.03
Dev: loss 0.5196 accuracy 0.8214 f1 0.6652

Restore best meta model !
Restore roberta model !
Test: accuracy 0.9096 f1 0.8356 

Restore bert model !
Test: accuracy 0.8849 f1 0.8027 

Restore xlnet model !
Test: accuracy 0.9085 f1 0.8374 

Restore xlmr model !
Test: accuracy 0.8849 f1 0.7985 

Restore meta model !

Meta: accuracy 0.9260 f1 0.8645 

