- Dataset: res14
- Optimizer: adam
- Learning rate: 0.001
- Num epoch: 100
- Batch size: 16
- Hidden dim: 100
- Polarities dim: 3
- Device: None 

Restore roberta model !
Dev: accuracy 0.8465 f1 0.7511

Restore bert model !
Dev: accuracy 0.8542 f1 0.7743

Restore xlnet model !
Dev: accuracy 0.8739 f1 0.7825

Restore xlmr model !
Dev: accuracy 0.8465 f1 0.7525

Start training meta model!

Epoch 1|100:
Batch 1|13: loss 4.8604 accuracy 0.0000
Batch 11|13: loss 3.6211 accuracy 0.1250
Loss 4.4835 accuracy 0.0433 f1 0.0458
Time: 0.05
Dev: loss 3.6800 accuracy 0.0893 f1 0.0687
Save model weight !

Epoch 2|100:
Batch 1|13: loss 3.4344 accuracy 0.0625
Batch 11|13: loss 3.2193 accuracy 0.0000
Loss 3.3259 accuracy 0.0577 f1 0.0514
Time: 0.03
Dev: loss 2.9176 accuracy 0.0714 f1 0.0595

Epoch 3|100:
Batch 1|13: loss 2.9054 accuracy 0.1250
Batch 11|13: loss 2.2982 accuracy 0.0625
Loss 2.5511 accuracy 0.0769 f1 0.0623
Time: 0.02
Dev: loss 2.3400 accuracy 0.0804 f1 0.0654

Epoch 4|100:
Batch 1|13: loss 2.2015 accuracy 0.1250
Batch 11|13: loss 1.7791 accuracy 0.0000
Loss 2.0232 accuracy 0.0721 f1 0.0703
Time: 0.03
Dev: loss 1.7904 accuracy 0.1339 f1 0.1025
Save model weight !

Epoch 5|100:
Batch 1|13: loss 2.0095 accuracy 0.0625
Batch 11|13: loss 1.5749 accuracy 0.0625
Loss 1.5867 accuracy 0.1346 f1 0.1248
Time: 0.03
Dev: loss 1.5459 accuracy 0.1518 f1 0.1242
Save model weight !

Epoch 6|100:
Batch 1|13: loss 1.2754 accuracy 0.3125
Batch 11|13: loss 1.3743 accuracy 0.1250
Loss 1.2755 accuracy 0.2163 f1 0.2019
Time: 0.03
Dev: loss 1.1403 accuracy 0.4286 f1 0.3179
Save model weight !

Epoch 7|100:
Batch 1|13: loss 0.9633 accuracy 0.5625
Batch 11|13: loss 0.6941 accuracy 1.0000
Loss 1.0569 accuracy 0.6442 f1 0.4844
Time: 0.03
Dev: loss 1.0323 accuracy 0.7857 f1 0.6381
Save model weight !

Epoch 8|100:
Batch 1|13: loss 0.8111 accuracy 0.8125
Batch 11|13: loss 0.6289 accuracy 0.8125
Loss 0.8861 accuracy 0.7788 f1 0.6365
Time: 0.03
Dev: loss 0.9747 accuracy 0.8125 f1 0.7485
Save model weight !

Epoch 9|100:
Batch 1|13: loss 0.8404 accuracy 0.7500
Batch 11|13: loss 0.6824 accuracy 0.8750
Loss 0.7801 accuracy 0.8029 f1 0.6609
Time: 0.02
Dev: loss 0.7569 accuracy 0.8214 f1 0.7548
Save model weight !

Epoch 10|100:
Batch 1|13: loss 0.6941 accuracy 0.8750
Batch 11|13: loss 0.8918 accuracy 0.6250
Loss 0.7086 accuracy 0.8125 f1 0.6756
Time: 0.03
Dev: loss 0.6781 accuracy 0.8304 f1 0.7662
Save model weight !

Epoch 11|100:
Batch 1|13: loss 0.7680 accuracy 0.7500
Batch 11|13: loss 0.5995 accuracy 0.7500
Loss 0.6469 accuracy 0.8125 f1 0.6923
Time: 0.03
Dev: loss 0.5915 accuracy 0.8571 f1 0.7975
Save model weight !

Epoch 12|100:
Batch 1|13: loss 0.4967 accuracy 0.9375
Batch 11|13: loss 0.6305 accuracy 0.8125
Loss 0.6012 accuracy 0.8173 f1 0.7020
Time: 0.03
Dev: loss 0.6195 accuracy 0.8304 f1 0.6509

Epoch 13|100:
Batch 1|13: loss 0.4113 accuracy 0.8750
Batch 11|13: loss 0.3041 accuracy 0.9375
Loss 0.5568 accuracy 0.8269 f1 0.6981
Time: 0.03
Dev: loss 0.6236 accuracy 0.7946 f1 0.7459

Epoch 14|100:
Batch 1|13: loss 0.4243 accuracy 0.8750
Batch 11|13: loss 0.8467 accuracy 0.6875
Loss 0.5351 accuracy 0.8269 f1 0.7131
Time: 0.03
Dev: loss 0.5045 accuracy 0.8482 f1 0.7791

Epoch 15|100:
Batch 1|13: loss 0.7596 accuracy 0.6875
Batch 11|13: loss 0.4825 accuracy 0.8125
Loss 0.5089 accuracy 0.8269 f1 0.7163
Time: 0.03
Dev: loss 0.5312 accuracy 0.8214 f1 0.7804

Epoch 16|100:
Batch 1|13: loss 0.2913 accuracy 0.9375
Batch 11|13: loss 0.9225 accuracy 0.7500
Loss 0.4983 accuracy 0.8317 f1 0.6709
Time: 0.04
Dev: loss 0.4719 accuracy 0.8393 f1 0.7687

Epoch 17|100:
Batch 1|13: loss 0.2970 accuracy 1.0000
Batch 11|13: loss 1.1268 accuracy 0.6250
Loss 0.4732 accuracy 0.8413 f1 0.7487
Time: 0.03
Dev: loss 0.4815 accuracy 0.8393 f1 0.8047
Save model weight !

Epoch 18|100:
Batch 1|13: loss 0.5053 accuracy 0.8125
Batch 11|13: loss 0.1295 accuracy 1.0000
Loss 0.4859 accuracy 0.8317 f1 0.6924
Time: 0.03
Dev: loss 0.4490 accuracy 0.8393 f1 0.7715

Epoch 19|100:
Batch 1|13: loss 0.7726 accuracy 0.6875
Batch 11|13: loss 0.3190 accuracy 0.8750
Loss 0.4512 accuracy 0.8462 f1 0.7286
Time: 0.03
Dev: loss 0.4540 accuracy 0.8304 f1 0.7656

Epoch 20|100:
Batch 1|13: loss 0.3157 accuracy 0.8750
Batch 11|13: loss 0.5579 accuracy 0.8125
Loss 0.4686 accuracy 0.8462 f1 0.6968
Time: 0.03
Dev: loss 0.5350 accuracy 0.7768 f1 0.6945

Epoch 21|100:
Batch 1|13: loss 0.2120 accuracy 0.9375
Batch 11|13: loss 0.1269 accuracy 1.0000
Loss 0.4351 accuracy 0.8510 f1 0.7546
Time: 0.02
Dev: loss 0.4502 accuracy 0.8125 f1 0.7101

Epoch 22|100:
Batch 1|13: loss 0.4871 accuracy 0.8125
Batch 11|13: loss 0.5621 accuracy 0.8125
Loss 0.4286 accuracy 0.8462 f1 0.7162
Time: 0.03
Dev: loss 0.4196 accuracy 0.8393 f1 0.7815

Epoch 23|100:
Batch 1|13: loss 0.3315 accuracy 0.8750
Batch 11|13: loss 0.6585 accuracy 0.6875
Loss 0.4278 accuracy 0.8413 f1 0.6910
Time: 0.03
Dev: loss 0.4406 accuracy 0.8125 f1 0.6957

Epoch 24|100:
Batch 1|13: loss 0.5065 accuracy 0.8125
Batch 11|13: loss 0.4289 accuracy 0.8125
Loss 0.4551 accuracy 0.8365 f1 0.6951
Time: 0.03
Dev: loss 0.4554 accuracy 0.8125 f1 0.7591

Epoch 25|100:
Batch 1|13: loss 0.3740 accuracy 0.8750
Batch 11|13: loss 0.3168 accuracy 0.8750
Loss 0.4291 accuracy 0.8413 f1 0.6707
Time: 0.02
Dev: loss 0.5044 accuracy 0.8214 f1 0.7785

Epoch 26|100:
Batch 1|13: loss 0.2895 accuracy 0.8750
Batch 11|13: loss 0.3147 accuracy 0.8750
Loss 0.4192 accuracy 0.8413 f1 0.7220
Time: 0.03
Dev: loss 0.4028 accuracy 0.8571 f1 0.7494

Epoch 27|100:
Batch 1|13: loss 0.7826 accuracy 0.7500
Batch 11|13: loss 0.1119 accuracy 0.9375
Loss 0.4523 accuracy 0.8317 f1 0.6971
Time: 0.03
Dev: loss 0.4060 accuracy 0.8571 f1 0.7829

Epoch 28|100:
Batch 1|13: loss 0.1335 accuracy 1.0000
Batch 11|13: loss 0.4166 accuracy 0.9375
Loss 0.4091 accuracy 0.8365 f1 0.7195
Time: 0.03
Dev: loss 0.4359 accuracy 0.8571 f1 0.7871

Epoch 29|100:
Batch 1|13: loss 0.4447 accuracy 0.8125
Batch 11|13: loss 0.5594 accuracy 0.7500
Loss 0.4373 accuracy 0.8221 f1 0.7027
Time: 0.03
Dev: loss 0.4410 accuracy 0.8304 f1 0.7196

Epoch 30|100:
Batch 1|13: loss 0.3938 accuracy 0.8125
Batch 11|13: loss 0.3461 accuracy 0.8750
Loss 0.4090 accuracy 0.8317 f1 0.7043
Time: 0.03
Dev: loss 0.4906 accuracy 0.8036 f1 0.7190

Epoch 31|100:
Batch 1|13: loss 0.3481 accuracy 0.8750
Batch 11|13: loss 0.4720 accuracy 0.8750
Loss 0.4316 accuracy 0.8269 f1 0.6976
Time: 0.03
Dev: loss 0.3974 accuracy 0.8571 f1 0.7849

Epoch 32|100:
Batch 1|13: loss 0.4352 accuracy 0.8125
Batch 11|13: loss 0.1140 accuracy 1.0000
Loss 0.4125 accuracy 0.8125 f1 0.6970
Time: 0.03
Dev: loss 0.6002 accuracy 0.8036 f1 0.7157

Epoch 33|100:
Batch 1|13: loss 0.1023 accuracy 0.9375
Batch 11|13: loss 0.3587 accuracy 0.8125
Loss 0.4330 accuracy 0.8173 f1 0.6795
Time: 0.03
Dev: loss 0.4772 accuracy 0.8036 f1 0.7013

Epoch 34|100:
Batch 1|13: loss 0.3579 accuracy 0.8125
Batch 11|13: loss 0.3397 accuracy 0.8125
Loss 0.4056 accuracy 0.8221 f1 0.6958
Time: 0.03
Dev: loss 0.4768 accuracy 0.8304 f1 0.7359

Epoch 35|100:
Batch 1|13: loss 0.7858 accuracy 0.6875
Batch 11|13: loss 0.5107 accuracy 0.7500
Loss 0.3909 accuracy 0.8269 f1 0.6684
Time: 0.03
Dev: loss 0.3886 accuracy 0.8571 f1 0.7854

Epoch 36|100:
Batch 1|13: loss 0.6648 accuracy 0.7500
Batch 11|13: loss 0.6105 accuracy 0.6250
Loss 0.4012 accuracy 0.8173 f1 0.7048
Time: 0.03
Dev: loss 0.3873 accuracy 0.8571 f1 0.7961

Epoch 37|100:
Batch 1|13: loss 0.1576 accuracy 0.9375
Batch 11|13: loss 0.3459 accuracy 0.8750
Loss 0.3860 accuracy 0.8269 f1 0.7009
Time: 0.03
Dev: loss 0.3942 accuracy 0.8571 f1 0.7481

Epoch 38|100:
Batch 1|13: loss 0.4876 accuracy 0.8125
Batch 11|13: loss 0.4029 accuracy 0.8125
Loss 0.3972 accuracy 0.8221 f1 0.6947
Time: 0.03
Dev: loss 0.5539 accuracy 0.8393 f1 0.7888

Epoch 39|100:
Batch 1|13: loss 0.5799 accuracy 0.6250
Batch 11|13: loss 0.4503 accuracy 0.8750
Loss 0.3883 accuracy 0.8221 f1 0.6906
Time: 0.03
Dev: loss 0.3947 accuracy 0.8661 f1 0.7919

Epoch 40|100:
Batch 1|13: loss 0.2548 accuracy 0.8750
Batch 11|13: loss 0.7464 accuracy 0.6250
Loss 0.3983 accuracy 0.8221 f1 0.6937
Time: 0.03
Dev: loss 0.3905 accuracy 0.8750 f1 0.7475

Epoch 41|100:
Batch 1|13: loss 0.5436 accuracy 0.8750
Batch 11|13: loss 0.5020 accuracy 0.7500
Loss 0.3896 accuracy 0.8269 f1 0.7007
Time: 0.02
Dev: loss 0.4905 accuracy 0.8214 f1 0.7457

Epoch 42|100:
Batch 1|13: loss 0.0838 accuracy 1.0000
Batch 11|13: loss 0.2735 accuracy 0.8750
Loss 0.3821 accuracy 0.8317 f1 0.7204
Time: 0.03
Dev: loss 0.4147 accuracy 0.8482 f1 0.7582

Epoch 43|100:
Batch 1|13: loss 0.1178 accuracy 1.0000
Batch 11|13: loss 0.2233 accuracy 0.9375
Loss 0.3917 accuracy 0.8365 f1 0.7133
Time: 0.02
Dev: loss 0.3810 accuracy 0.8750 f1 0.7127

Epoch 44|100:
Batch 1|13: loss 0.2182 accuracy 0.8750
Batch 11|13: loss 0.2494 accuracy 0.8750
Loss 0.3754 accuracy 0.8462 f1 0.7370
Time: 0.02
Dev: loss 0.3876 accuracy 0.8750 f1 0.8462
Save model weight !

Epoch 45|100:
Batch 1|13: loss 0.1529 accuracy 0.8750
Batch 11|13: loss 0.2420 accuracy 0.8750
Loss 0.3982 accuracy 0.8413 f1 0.7368
Time: 0.03
Dev: loss 0.3724 accuracy 0.8750 f1 0.7674

Epoch 46|100:
Batch 1|13: loss 0.3743 accuracy 0.8750
Batch 11|13: loss 0.4438 accuracy 0.8125
Loss 0.3727 accuracy 0.8462 f1 0.7333
Time: 0.02
Dev: loss 0.3708 accuracy 0.8750 f1 0.7902

Epoch 47|100:
Batch 1|13: loss 0.5168 accuracy 0.8750
Batch 11|13: loss 0.2580 accuracy 0.8750
Loss 0.3706 accuracy 0.8462 f1 0.7183
Time: 0.02
Dev: loss 0.3834 accuracy 0.8661 f1 0.8043

Epoch 48|100:
Batch 1|13: loss 0.1722 accuracy 0.8750
Batch 11|13: loss 0.1787 accuracy 0.8750
Loss 0.3772 accuracy 0.8413 f1 0.7207
Time: 0.03
Dev: loss 0.3958 accuracy 0.8750 f1 0.8410

Epoch 49|100:
Batch 1|13: loss 0.0929 accuracy 0.9375
Batch 11|13: loss 0.2141 accuracy 0.8750
Loss 0.3662 accuracy 0.8462 f1 0.7070
Time: 0.02
Dev: loss 0.4788 accuracy 0.8482 f1 0.7119

Epoch 50|100:
Batch 1|13: loss 0.3976 accuracy 0.7500
Batch 11|13: loss 0.1304 accuracy 0.9375
Loss 0.3746 accuracy 0.8365 f1 0.7201
Time: 0.02
Dev: loss 0.5098 accuracy 0.8482 f1 0.7896

Epoch 51|100:
Batch 1|13: loss 0.3232 accuracy 0.8125
Batch 11|13: loss 0.5152 accuracy 0.8125
Loss 0.3955 accuracy 0.8269 f1 0.7086
Time: 0.03
Dev: loss 0.4039 accuracy 0.8482 f1 0.7684

Epoch 52|100:
Batch 1|13: loss 0.1261 accuracy 0.9375
Batch 11|13: loss 0.3001 accuracy 0.8125
Loss 0.3639 accuracy 0.8462 f1 0.7442
Time: 0.03
Dev: loss 0.4730 accuracy 0.8482 f1 0.8061

Epoch 53|100:
Batch 1|13: loss 0.3156 accuracy 0.8125
Batch 11|13: loss 0.3673 accuracy 0.8125
Loss 0.3660 accuracy 0.8413 f1 0.7083
Time: 0.02
Dev: loss 0.4560 accuracy 0.8482 f1 0.7396

Epoch 54|100:
Batch 1|13: loss 0.1888 accuracy 0.9375
Batch 11|13: loss 0.2463 accuracy 0.8750
Loss 0.3819 accuracy 0.8365 f1 0.7315
Time: 0.03
Dev: loss 0.4041 accuracy 0.8482 f1 0.7914

Epoch 55|100:
Batch 1|13: loss 0.5429 accuracy 0.8125
Batch 11|13: loss 0.2584 accuracy 0.8750
Loss 0.3817 accuracy 0.8317 f1 0.7015
Time: 0.02
Dev: loss 0.4189 accuracy 0.8482 f1 0.7967

Epoch 56|100:
Batch 1|13: loss 0.2252 accuracy 0.8750
Batch 11|13: loss 0.2303 accuracy 0.8750
Loss 0.3631 accuracy 0.8413 f1 0.7189
Time: 0.02
Dev: loss 0.3643 accuracy 0.8750 f1 0.8279

Epoch 57|100:
Batch 1|13: loss 0.0630 accuracy 1.0000
Batch 11|13: loss 0.4698 accuracy 0.8750
Loss 0.3546 accuracy 0.8462 f1 0.7529
Time: 0.03
Dev: loss 0.3834 accuracy 0.8482 f1 0.7752

Epoch 58|100:
Batch 1|13: loss 0.4039 accuracy 0.8750
Batch 11|13: loss 0.1602 accuracy 0.8750
Loss 0.3685 accuracy 0.8317 f1 0.7185
Time: 0.02
Dev: loss 0.4091 accuracy 0.8482 f1 0.7586

Epoch 59|100:
Batch 1|13: loss 0.4261 accuracy 0.7500
Batch 11|13: loss 0.5227 accuracy 0.8125
Loss 0.3513 accuracy 0.8462 f1 0.7574
Time: 0.02
Dev: loss 0.3525 accuracy 0.8750 f1 0.8491
Save model weight !

Epoch 60|100:
Batch 1|13: loss 0.2210 accuracy 0.8750
Batch 11|13: loss 0.3904 accuracy 0.7500
Loss 0.3584 accuracy 0.8413 f1 0.7305
Time: 0.02
Dev: loss 0.3892 accuracy 0.8482 f1 0.7689

Epoch 61|100:
Batch 1|13: loss 0.5623 accuracy 0.7500
Batch 11|13: loss 0.2062 accuracy 0.8750
Loss 0.3492 accuracy 0.8462 f1 0.7642
Time: 0.02
Dev: loss 0.3669 accuracy 0.8661 f1 0.8057

Epoch 62|100:
Batch 1|13: loss 0.3928 accuracy 0.7500
Batch 11|13: loss 0.2349 accuracy 0.9375
Loss 0.3541 accuracy 0.8413 f1 0.7108
Time: 0.02
Dev: loss 0.3484 accuracy 0.8661 f1 0.7971

Epoch 63|100:
Batch 1|13: loss 0.6566 accuracy 0.7500
Batch 11|13: loss 0.3461 accuracy 0.7500
Loss 0.3806 accuracy 0.8317 f1 0.7463
Time: 0.03
Dev: loss 0.4452 accuracy 0.8393 f1 0.7584

Epoch 64|100:
Batch 1|13: loss 0.2881 accuracy 0.8750
Batch 11|13: loss 0.4372 accuracy 0.8125
Loss 0.3574 accuracy 0.8413 f1 0.7182
Time: 0.02
Dev: loss 0.3692 accuracy 0.8661 f1 0.8284

Epoch 65|100:
Batch 1|13: loss 0.4759 accuracy 0.7500
Batch 11|13: loss 0.6204 accuracy 0.7500
Loss 0.3543 accuracy 0.8413 f1 0.7495
Time: 0.02
Dev: loss 0.3848 accuracy 0.8393 f1 0.7935

Epoch 66|100:
Batch 1|13: loss 0.1535 accuracy 0.9375
Batch 11|13: loss 0.4560 accuracy 0.8125
Loss 0.3453 accuracy 0.8462 f1 0.7547
Time: 0.03
Dev: loss 0.3631 accuracy 0.8661 f1 0.8151

Epoch 67|100:
Batch 1|13: loss 0.1067 accuracy 0.9375
Batch 11|13: loss 0.1906 accuracy 0.8750
Loss 0.3574 accuracy 0.8365 f1 0.7486
Time: 0.02
Dev: loss 0.3753 accuracy 0.8661 f1 0.8232

Epoch 68|100:
Batch 1|13: loss 0.2689 accuracy 0.8750
Batch 11|13: loss 0.3080 accuracy 0.8125
Loss 0.3485 accuracy 0.8365 f1 0.7388
Time: 0.03
Dev: loss 0.3427 accuracy 0.8661 f1 0.8274

Epoch 69|100:
Batch 1|13: loss 0.5102 accuracy 0.8125
Batch 11|13: loss 0.1774 accuracy 0.9375
Loss 0.3565 accuracy 0.8413 f1 0.7298
Time: 0.02
Dev: loss 0.3646 accuracy 0.8661 f1 0.7752

Epoch 70|100:
Batch 1|13: loss 0.3831 accuracy 0.7500
Batch 11|13: loss 0.2199 accuracy 0.8750
Loss 0.3522 accuracy 0.8413 f1 0.6986
Time: 0.02
Dev: loss 0.3433 accuracy 0.8750 f1 0.8442

Epoch 71|100:
Batch 1|13: loss 0.2677 accuracy 0.8750
Batch 11|13: loss 0.2938 accuracy 0.9375
Loss 0.3644 accuracy 0.8317 f1 0.7297
Time: 0.03
Dev: loss 0.3412 accuracy 0.8750 f1 0.7978

Epoch 72|100:
Batch 1|13: loss 0.0821 accuracy 0.9375
Batch 11|13: loss 0.4291 accuracy 0.8125
Loss 0.3429 accuracy 0.8317 f1 0.7152
Time: 0.02
Dev: loss 0.4983 accuracy 0.8214 f1 0.7663

Epoch 73|100:
Batch 1|13: loss 0.3968 accuracy 0.8125
Batch 11|13: loss 0.4541 accuracy 0.8125
Loss 0.3543 accuracy 0.8221 f1 0.7123
Time: 0.02
Dev: loss 0.3424 accuracy 0.8750 f1 0.8323

Epoch 74|100:
Batch 1|13: loss 0.7129 accuracy 0.6250
Batch 11|13: loss 0.2240 accuracy 0.8750
Loss 0.3573 accuracy 0.8317 f1 0.6984
Time: 0.02
Dev: loss 0.3745 accuracy 0.8482 f1 0.8048

Epoch 75|100:
Batch 1|13: loss 0.1373 accuracy 0.8750
Batch 11|13: loss 0.4132 accuracy 0.8125
Loss 0.3539 accuracy 0.8365 f1 0.7505
Time: 0.03
Dev: loss 0.3724 accuracy 0.8482 f1 0.7722

Epoch 76|100:
Batch 1|13: loss 0.2850 accuracy 0.8125
Batch 11|13: loss 0.4194 accuracy 0.7500
Loss 0.3341 accuracy 0.8413 f1 0.7295
Time: 0.02
Dev: loss 0.3697 accuracy 0.8750 f1 0.8238

Epoch 77|100:
Batch 1|13: loss 0.3211 accuracy 0.8125
Batch 11|13: loss 0.1628 accuracy 0.8750
Loss 0.3419 accuracy 0.8365 f1 0.6935
Time: 0.02
Dev: loss 0.3834 accuracy 0.8482 f1 0.7945

Epoch 78|100:
Batch 1|13: loss 0.1727 accuracy 0.8750
Batch 11|13: loss 0.6245 accuracy 0.7500
Loss 0.3745 accuracy 0.8269 f1 0.7384
Time: 0.03
Dev: loss 0.3844 accuracy 0.8482 f1 0.7648

Epoch 79|100:
Batch 1|13: loss 0.1928 accuracy 0.9375
Batch 11|13: loss 0.1816 accuracy 0.9375
Loss 0.3547 accuracy 0.8317 f1 0.7323
Time: 0.02
Dev: loss 0.3503 accuracy 0.8750 f1 0.8042

Epoch 80|100:
Batch 1|13: loss 0.2361 accuracy 0.8750
Batch 11|13: loss 0.2791 accuracy 0.8750
Loss 0.3323 accuracy 0.8413 f1 0.7666
Time: 0.03
Dev: loss 0.4120 accuracy 0.8214 f1 0.7297

Epoch 81|100:
Batch 1|13: loss 0.3648 accuracy 0.8750
Batch 11|13: loss 0.4039 accuracy 0.8125
Loss 0.3324 accuracy 0.8462 f1 0.7645
Time: 0.02
Dev: loss 0.3828 accuracy 0.8482 f1 0.7533

Epoch 82|100:
Batch 1|13: loss 0.1436 accuracy 0.8750
Batch 11|13: loss 0.5679 accuracy 0.8125
Loss 0.3417 accuracy 0.8413 f1 0.7509
Time: 0.02
Dev: loss 0.3428 accuracy 0.8750 f1 0.8087

Epoch 83|100:
Batch 1|13: loss 0.5131 accuracy 0.6875
Batch 11|13: loss 0.3415 accuracy 0.8125
Loss 0.3519 accuracy 0.8365 f1 0.7328
Time: 0.03
Dev: loss 0.4010 accuracy 0.8482 f1 0.7538

Epoch 84|100:
Batch 1|13: loss 0.1628 accuracy 0.8750
Batch 11|13: loss 0.1494 accuracy 0.9375
Loss 0.3408 accuracy 0.8413 f1 0.7637
Time: 0.02
Dev: loss 0.3412 accuracy 0.8750 f1 0.8028

Epoch 85|100:
Batch 1|13: loss 0.7207 accuracy 0.6250
Batch 11|13: loss 0.5707 accuracy 0.6875
Loss 0.3419 accuracy 0.8413 f1 0.7310
Time: 0.02
Dev: loss 0.3769 accuracy 0.8482 f1 0.7921

Epoch 86|100:
Batch 1|13: loss 0.4251 accuracy 0.8125
Batch 11|13: loss 0.1903 accuracy 0.8750
Loss 0.3311 accuracy 0.8462 f1 0.7258
Time: 0.02
Dev: loss 0.3373 accuracy 0.8750 f1 0.8568
Save model weight !

Epoch 87|100:
Batch 1|13: loss 0.3899 accuracy 0.8125
Batch 11|13: loss 0.3707 accuracy 0.8750
Loss 0.3571 accuracy 0.8269 f1 0.7190
Time: 0.03
Dev: loss 0.3919 accuracy 0.8482 f1 0.8006

Epoch 88|100:
Batch 1|13: loss 0.3280 accuracy 0.8750
Batch 11|13: loss 0.2192 accuracy 0.8750
Loss 0.3496 accuracy 0.8365 f1 0.7161
Time: 0.03
Dev: loss 0.3688 accuracy 0.8482 f1 0.7852

Epoch 89|100:
Batch 1|13: loss 0.3099 accuracy 0.8125
Batch 11|13: loss 0.1239 accuracy 1.0000
Loss 0.3408 accuracy 0.8365 f1 0.6821
Time: 0.02
Dev: loss 0.3473 accuracy 0.8750 f1 0.8222

Epoch 90|100:
Batch 1|13: loss 0.2923 accuracy 0.8750
Batch 11|13: loss 0.3382 accuracy 0.8125
Loss 0.3399 accuracy 0.8413 f1 0.7367
Time: 0.02
Dev: loss 0.3883 accuracy 0.8482 f1 0.7424

Epoch 91|100:
Batch 1|13: loss 0.1965 accuracy 0.8750
Batch 11|13: loss 0.6137 accuracy 0.7500
Loss 0.3374 accuracy 0.8365 f1 0.7421
Time: 0.02
Dev: loss 0.3351 accuracy 0.8750 f1 0.7803

Epoch 92|100:
Batch 1|13: loss 0.2554 accuracy 0.8750
Batch 11|13: loss 0.3092 accuracy 0.8750
Loss 0.3469 accuracy 0.8413 f1 0.7431
Time: 0.03
Dev: loss 0.3982 accuracy 0.8214 f1 0.7725

Epoch 93|100:
Batch 1|13: loss 0.2901 accuracy 0.8750
Batch 11|13: loss 0.4920 accuracy 0.8125
Loss 0.3335 accuracy 0.8462 f1 0.7383
Time: 0.03
Dev: loss 0.3394 accuracy 0.8750 f1 0.8549

Epoch 94|100:
Batch 1|13: loss 0.1825 accuracy 0.9375
Batch 11|13: loss 0.2908 accuracy 0.8125
Loss 0.3584 accuracy 0.8365 f1 0.7404
Time: 0.03
Dev: loss 0.5393 accuracy 0.7946 f1 0.7381

Epoch 95|100:
Batch 1|13: loss 0.3939 accuracy 0.8125
Batch 11|13: loss 0.6206 accuracy 0.7500
Loss 0.3431 accuracy 0.8365 f1 0.7319
Time: 0.02
Dev: loss 0.3984 accuracy 0.8393 f1 0.7352

Epoch 96|100:
Batch 1|13: loss 0.4875 accuracy 0.7500
Batch 11|13: loss 0.0772 accuracy 1.0000
Loss 0.3469 accuracy 0.8413 f1 0.7292
Time: 0.02
Dev: loss 0.3378 accuracy 0.8661 f1 0.8367

Epoch 97|100:
Batch 1|13: loss 0.0813 accuracy 1.0000
Batch 11|13: loss 0.2056 accuracy 0.9375
Loss 0.3316 accuracy 0.8510 f1 0.7728
Time: 0.03
Dev: loss 0.3409 accuracy 0.8661 f1 0.8049

Epoch 98|100:
Batch 1|13: loss 0.0975 accuracy 0.9375
Batch 11|13: loss 0.2873 accuracy 0.8125
Loss 0.3537 accuracy 0.8413 f1 0.7220
Time: 0.02
Dev: loss 0.3351 accuracy 0.8661 f1 0.8291

Epoch 99|100:
Batch 1|13: loss 0.1822 accuracy 0.9375
Batch 11|13: loss 0.4171 accuracy 0.8125
Loss 0.3325 accuracy 0.8462 f1 0.7549
Time: 0.02
Dev: loss 0.3323 accuracy 0.8661 f1 0.8378

Epoch 100|100:
Batch 1|13: loss 0.2414 accuracy 0.8125
Batch 11|13: loss 0.4147 accuracy 0.8750
Loss 0.3273 accuracy 0.8510 f1 0.7257
Time: 0.02
Dev: loss 0.3331 accuracy 0.8661 f1 0.8405

Restore best meta model !
Restore roberta model !
Test: accuracy 0.9096 f1 0.8356 

Restore bert model !
Test: accuracy 0.8849 f1 0.8023 

Restore xlnet model !
Test: accuracy 0.9096 f1 0.8408 

Restore xlmr model !
Test: accuracy 0.8859 f1 0.7999 

Restore meta model !

tensor([[0.1628, 0.2042, 0.0877, 0.0312]], device='cuda:0')
tensor([-0.5047], device='cuda:0')
Meta: accuracy 0.9209 f1 0.8583 

