- Model name: roberta
- Dataset: res14
- Optimizer: adam
- Learning rate: 1e-05
- Dropout: 0.1
- Num epoch: 30
- Batch size: 64
- Pretrained name: roberta-base
- Pretrained dim: 768
- Max seq len: 50
- Polarities dim: 3
- Device: None 

Train size: 3216
Dev size: 300
Test size: 973

Epoch 1|30:
Batch 1|51: loss 1.0689 accuracy 0.5781
Batch 11|51: loss 0.9253 accuracy 0.5156
Batch 21|51: loss 0.7049 accuracy 0.7500
Batch 31|51: loss 0.4333 accuracy 0.8594
Batch 41|51: loss 0.3914 accuracy 0.8281
Batch 51|51: loss 0.7447 accuracy 0.8125
Loss 0.6394 accuracy 0.7350
Time: 23.85
Dev: loss 0.4684 accuracy 0.8386 f1 0.7705
Save model weight !

Epoch 2|30:
Batch 1|51: loss 0.3455 accuracy 0.9375
Batch 11|51: loss 0.5083 accuracy 0.8281
Batch 21|51: loss 0.2573 accuracy 0.8750
Batch 31|51: loss 0.2822 accuracy 0.8906
Batch 41|51: loss 0.3355 accuracy 0.8281
Batch 51|51: loss 0.2967 accuracy 0.8750
Loss 0.3127 accuracy 0.8824
Time: 24.83
Dev: loss 0.4047 accuracy 0.8278 f1 0.7307

Epoch 3|30:
Batch 1|51: loss 0.1676 accuracy 0.9531
Batch 11|51: loss 0.1682 accuracy 0.9375
Batch 21|51: loss 0.0647 accuracy 1.0000
Batch 31|51: loss 0.1330 accuracy 0.9531
Batch 41|51: loss 0.2394 accuracy 0.9062
Batch 51|51: loss 0.0334 accuracy 1.0000
Loss 0.1806 accuracy 0.9350
Time: 26.06
Dev: loss 0.4308 accuracy 0.8324 f1 0.7603

Epoch 4|30:
Batch 1|51: loss 0.0768 accuracy 0.9844
Batch 11|51: loss 0.0693 accuracy 0.9844
Batch 21|51: loss 0.1301 accuracy 0.9531
Batch 31|51: loss 0.1674 accuracy 0.9219
Batch 41|51: loss 0.0978 accuracy 0.9688
Batch 51|51: loss 0.0638 accuracy 1.0000
Loss 0.1236 accuracy 0.9510
Time: 27.79
Dev: loss 0.4968 accuracy 0.8213 f1 0.7594

Epoch 5|30:
Batch 1|51: loss 0.0818 accuracy 0.9688
Batch 11|51: loss 0.0970 accuracy 0.9531
Batch 21|51: loss 0.0535 accuracy 0.9844
Batch 31|51: loss 0.0954 accuracy 0.9688
Batch 41|51: loss 0.0881 accuracy 0.9688
Batch 51|51: loss 0.2099 accuracy 0.8750
Loss 0.0889 accuracy 0.9593
Time: 27.11
Dev: loss 0.6431 accuracy 0.8014 f1 0.7429

Epoch 6|30:
Batch 1|51: loss 0.2457 accuracy 0.9062
Batch 11|51: loss 0.0158 accuracy 1.0000
Batch 21|51: loss 0.0107 accuracy 1.0000
Batch 31|51: loss 0.0866 accuracy 0.9844
Batch 41|51: loss 0.0601 accuracy 0.9531
Batch 51|51: loss 0.0180 accuracy 1.0000
Loss 0.0738 accuracy 0.9672
Time: 26.75
Dev: loss 0.5755 accuracy 0.8293 f1 0.7548

Epoch 7|30:
Batch 1|51: loss 0.0134 accuracy 1.0000
Batch 11|51: loss 0.0604 accuracy 0.9844
Batch 21|51: loss 0.0609 accuracy 0.9688
Batch 31|51: loss 0.0791 accuracy 0.9688
Batch 41|51: loss 0.0711 accuracy 0.9844
Batch 51|51: loss 0.0041 accuracy 1.0000
Loss 0.0512 accuracy 0.9786
Time: 27.32
Dev: loss 0.5466 accuracy 0.8401 f1 0.7722
Save model weight !

Epoch 8|30:
Batch 1|51: loss 0.0504 accuracy 0.9688
Batch 11|51: loss 0.0772 accuracy 0.9531
Batch 21|51: loss 0.0153 accuracy 1.0000
Batch 31|51: loss 0.0392 accuracy 0.9844
Batch 41|51: loss 0.0200 accuracy 1.0000
Batch 51|51: loss 0.0133 accuracy 1.0000
Loss 0.0305 accuracy 0.9887
Time: 27.12
Dev: loss 0.5940 accuracy 0.8335 f1 0.7585

Epoch 9|30:
Batch 1|51: loss 0.0061 accuracy 1.0000
Batch 11|51: loss 0.0056 accuracy 1.0000
Batch 21|51: loss 0.0034 accuracy 1.0000
Batch 31|51: loss 0.0022 accuracy 1.0000
Batch 41|51: loss 0.0031 accuracy 1.0000
Batch 51|51: loss 0.0326 accuracy 1.0000
Loss 0.0216 accuracy 0.9933
Time: 27.07
Dev: loss 0.6578 accuracy 0.8290 f1 0.7631

Epoch 10|30:
Batch 1|51: loss 0.0075 accuracy 1.0000
Batch 11|51: loss 0.0336 accuracy 0.9844
Batch 21|51: loss 0.0126 accuracy 1.0000
Batch 31|51: loss 0.0040 accuracy 1.0000
Batch 41|51: loss 0.0052 accuracy 1.0000
Batch 51|51: loss 0.0033 accuracy 1.0000
Loss 0.0144 accuracy 0.9951
Time: 27.13
Dev: loss 0.6590 accuracy 0.8216 f1 0.7250

Epoch 11|30:
Batch 1|51: loss 0.0028 accuracy 1.0000
Batch 11|51: loss 0.0102 accuracy 1.0000
Batch 21|51: loss 0.0829 accuracy 0.9844
Batch 31|51: loss 0.0142 accuracy 1.0000
Batch 41|51: loss 0.0014 accuracy 1.0000
Batch 51|51: loss 0.0015 accuracy 1.0000
Loss 0.0137 accuracy 0.9957
Time: 27.20
Dev: loss 0.6362 accuracy 0.8415 f1 0.7625

Epoch 12|30:
Batch 1|51: loss 0.0022 accuracy 1.0000
Batch 11|51: loss 0.0900 accuracy 0.9844
Batch 21|51: loss 0.0010 accuracy 1.0000
Batch 31|51: loss 0.0317 accuracy 0.9844
Batch 41|51: loss 0.0018 accuracy 1.0000
Batch 51|51: loss 0.0026 accuracy 1.0000
Loss 0.0070 accuracy 0.9975
Time: 27.27
Dev: loss 0.6631 accuracy 0.8506 f1 0.7659

Epoch 13|30:
Batch 1|51: loss 0.0012 accuracy 1.0000
Batch 11|51: loss 0.0041 accuracy 1.0000
Batch 21|51: loss 0.0029 accuracy 1.0000
Batch 31|51: loss 0.0015 accuracy 1.0000
Batch 41|51: loss 0.0014 accuracy 1.0000
Batch 51|51: loss 0.0031 accuracy 1.0000
Loss 0.0098 accuracy 0.9957
Time: 27.28
Dev: loss 0.6998 accuracy 0.8474 f1 0.7807
Save model weight !

Epoch 14|30:
Batch 1|51: loss 0.0133 accuracy 0.9844
Batch 11|51: loss 0.0011 accuracy 1.0000
Batch 21|51: loss 0.0107 accuracy 1.0000
Batch 31|51: loss 0.0007 accuracy 1.0000
Batch 41|51: loss 0.0013 accuracy 1.0000
Batch 51|51: loss 0.0004 accuracy 1.0000
Loss 0.0021 accuracy 0.9994
Time: 27.24
Dev: loss 0.7389 accuracy 0.8384 f1 0.7549

Epoch 15|30:
Batch 1|51: loss 0.0005 accuracy 1.0000
Batch 11|51: loss 0.0008 accuracy 1.0000
Batch 21|51: loss 0.0008 accuracy 1.0000
Batch 31|51: loss 0.0009 accuracy 1.0000
Batch 41|51: loss 0.0008 accuracy 1.0000
Batch 51|51: loss 0.0007 accuracy 1.0000
Loss 0.0019 accuracy 0.9988
Time: 27.30
Dev: loss 0.7390 accuracy 0.8537 f1 0.7865
Save model weight !

Epoch 16|30:
Batch 1|51: loss 0.0005 accuracy 1.0000
Batch 11|51: loss 0.0004 accuracy 1.0000
Batch 21|51: loss 0.0006 accuracy 1.0000
Batch 31|51: loss 0.0007 accuracy 1.0000
Batch 41|51: loss 0.0052 accuracy 1.0000
Batch 51|51: loss 0.0008 accuracy 1.0000
Loss 0.0011 accuracy 0.9997
Time: 27.15
Dev: loss 0.7644 accuracy 0.8491 f1 0.7677

Epoch 17|30:
Batch 1|51: loss 0.0004 accuracy 1.0000
Batch 11|51: loss 0.0005 accuracy 1.0000
Batch 21|51: loss 0.0004 accuracy 1.0000
Batch 31|51: loss 0.0004 accuracy 1.0000
Batch 41|51: loss 0.0007 accuracy 1.0000
Batch 51|51: loss 0.0003 accuracy 1.0000
Loss 0.0012 accuracy 0.9997
Time: 27.32
Dev: loss 0.7756 accuracy 0.8506 f1 0.7761

Epoch 18|30:
Batch 1|51: loss 0.0004 accuracy 1.0000
Batch 11|51: loss 0.0007 accuracy 1.0000
Batch 21|51: loss 0.0003 accuracy 1.0000
Batch 31|51: loss 0.0003 accuracy 1.0000
Batch 41|51: loss 0.0002 accuracy 1.0000
Batch 51|51: loss 0.0004 accuracy 1.0000
Loss 0.0003 accuracy 1.0000
Time: 27.28
Dev: loss 0.8129 accuracy 0.8537 f1 0.7815

Epoch 19|30:
Batch 1|51: loss 0.0002 accuracy 1.0000
Batch 11|51: loss 0.0003 accuracy 1.0000
Batch 21|51: loss 0.0002 accuracy 1.0000
Batch 31|51: loss 0.0003 accuracy 1.0000
Batch 41|51: loss 0.0003 accuracy 1.0000
Batch 51|51: loss 0.0003 accuracy 1.0000
Loss 0.0003 accuracy 1.0000
Time: 27.17
Dev: loss 0.8492 accuracy 0.8506 f1 0.7753

Epoch 20|30:
Batch 1|51: loss 0.0002 accuracy 1.0000
Batch 11|51: loss 0.0002 accuracy 1.0000
Batch 21|51: loss 0.0002 accuracy 1.0000
Batch 31|51: loss 0.0002 accuracy 1.0000
Batch 41|51: loss 0.0002 accuracy 1.0000
Batch 51|51: loss 0.0001 accuracy 1.0000
Loss 0.0002 accuracy 1.0000
Time: 27.13
Dev: loss 0.8633 accuracy 0.8506 f1 0.7788

Epoch 21|30:
Batch 1|51: loss 0.0002 accuracy 1.0000
Batch 11|51: loss 0.0001 accuracy 1.0000
Batch 21|51: loss 0.0003 accuracy 1.0000
Batch 31|51: loss 0.0002 accuracy 1.0000
Batch 41|51: loss 0.0001 accuracy 1.0000
Batch 51|51: loss 0.0001 accuracy 1.0000
Loss 0.0002 accuracy 1.0000
Time: 27.09
Dev: loss 0.8892 accuracy 0.8537 f1 0.7815

Epoch 22|30:
Batch 1|51: loss 0.0001 accuracy 1.0000
Batch 11|51: loss 0.0001 accuracy 1.0000
Batch 21|51: loss 0.0001 accuracy 1.0000
Batch 31|51: loss 0.0001 accuracy 1.0000
Batch 41|51: loss 0.0001 accuracy 1.0000
Batch 51|51: loss 0.0001 accuracy 1.0000
Loss 0.0001 accuracy 1.0000
Time: 27.12
Dev: loss 0.9164 accuracy 0.8568 f1 0.7844

Epoch 23|30:
Batch 1|51: loss 0.0001 accuracy 1.0000
Batch 11|51: loss 0.0001 accuracy 1.0000
Batch 21|51: loss 0.0001 accuracy 1.0000
Batch 31|51: loss 0.0001 accuracy 1.0000
Batch 41|51: loss 0.0001 accuracy 1.0000
Batch 51|51: loss 0.0001 accuracy 1.0000
Loss 0.0001 accuracy 1.0000
Time: 27.20
Dev: loss 0.9509 accuracy 0.8568 f1 0.7844

Epoch 24|30:
Batch 1|51: loss 0.0001 accuracy 1.0000
Batch 11|51: loss 0.0001 accuracy 1.0000
Batch 21|51: loss 0.0001 accuracy 1.0000
Batch 31|51: loss 0.0001 accuracy 1.0000
Batch 41|51: loss 0.0001 accuracy 1.0000
Batch 51|51: loss 0.0001 accuracy 1.0000
Loss 0.0001 accuracy 1.0000
Time: 27.26
Dev: loss 0.9794 accuracy 0.8568 f1 0.7844

Epoch 25|30:
Batch 1|51: loss 0.0001 accuracy 1.0000
Batch 11|51: loss 0.0001 accuracy 1.0000
Batch 21|51: loss 0.0001 accuracy 1.0000
Batch 31|51: loss 0.0001 accuracy 1.0000
Batch 41|51: loss 0.0001 accuracy 1.0000
Batch 51|51: loss 0.0001 accuracy 1.0000
Loss 0.0001 accuracy 1.0000
Time: 27.30
Dev: loss 1.0058 accuracy 0.8568 f1 0.7844

Epoch 26|30:
Batch 1|51: loss 0.0001 accuracy 1.0000
Batch 11|51: loss 0.0001 accuracy 1.0000
Batch 21|51: loss 0.0001 accuracy 1.0000
Batch 31|51: loss 0.0001 accuracy 1.0000
Batch 41|51: loss 0.0000 accuracy 1.0000
Batch 51|51: loss 0.0000 accuracy 1.0000
Loss 0.0001 accuracy 1.0000
Time: 27.30
Dev: loss 1.0343 accuracy 0.8537 f1 0.7786

Epoch 27|30:
Batch 1|51: loss 0.0000 accuracy 1.0000
Batch 11|51: loss 0.0000 accuracy 1.0000
Batch 21|51: loss 0.0000 accuracy 1.0000
Batch 31|51: loss 0.0000 accuracy 1.0000
Batch 41|51: loss 0.0000 accuracy 1.0000
Batch 51|51: loss 0.0000 accuracy 1.0000
Loss 0.0000 accuracy 1.0000
Time: 27.33
Dev: loss 1.0578 accuracy 0.8568 f1 0.7839

Epoch 28|30:
Batch 1|51: loss 0.0000 accuracy 1.0000
Batch 11|51: loss 0.0000 accuracy 1.0000
Batch 21|51: loss 0.0000 accuracy 1.0000
Batch 31|51: loss 0.0000 accuracy 1.0000
Batch 41|51: loss 0.0000 accuracy 1.0000
Batch 51|51: loss 0.0000 accuracy 1.0000
Loss 0.0000 accuracy 1.0000
Time: 27.28
Dev: loss 1.0947 accuracy 0.8568 f1 0.7839

Epoch 29|30:
Batch 1|51: loss 0.0000 accuracy 1.0000
Batch 11|51: loss 0.0000 accuracy 1.0000
Batch 21|51: loss 0.0000 accuracy 1.0000
Batch 31|51: loss 0.0000 accuracy 1.0000
Batch 41|51: loss 0.0000 accuracy 1.0000
Batch 51|51: loss 0.0000 accuracy 1.0000
Loss 0.0000 accuracy 1.0000
Time: 27.25
Dev: loss 1.1168 accuracy 0.8537 f1 0.7777

Epoch 30|30:
Batch 1|51: loss 0.0000 accuracy 1.0000
Batch 11|51: loss 0.0000 accuracy 1.0000
Batch 21|51: loss 0.0000 accuracy 1.0000
Batch 31|51: loss 0.0000 accuracy 1.0000
Batch 41|51: loss 0.0000 accuracy 1.0000
Batch 51|51: loss 0.0000 accuracy 1.0000
Loss 0.0000 accuracy 1.0000
Time: 27.18
Dev: loss 1.1556 accuracy 0.8491 f1 0.7647

Restore best model !
Test: accuracy 0.9096 f1 0.8356 

