- Model name: xlmr
- Dataset: res14
- Optimizer: adam
- Learning rate: 1e-05
- Dropout: 0.1
- Num epoch: 30
- Batch size: 64
- Pretrained name: xlm-roberta-base
- Pretrained dim: 768
- Max seq len: 50
- Polarities dim: 3
- Device: None 

Train size: 3216
Dev size: 300
Test size: 973

Epoch 1|30:
Batch 1|51: loss 1.0634 accuracy 0.5625
Batch 11|51: loss 0.9838 accuracy 0.5156
Batch 21|51: loss 0.7984 accuracy 0.6562
Batch 31|51: loss 0.7584 accuracy 0.6094
Batch 41|51: loss 0.7931 accuracy 0.5781
Batch 51|51: loss 0.6930 accuracy 0.6875
Loss 0.8241 accuracy 0.6189
Time: 25.13
Dev: loss 0.6023 accuracy 0.6960 f1 0.4338
Save model weight !

Epoch 2|30:
Batch 1|51: loss 0.6177 accuracy 0.6250
Batch 11|51: loss 0.6497 accuracy 0.7656
Batch 21|51: loss 0.5401 accuracy 0.7969
Batch 31|51: loss 0.6090 accuracy 0.7656
Batch 41|51: loss 0.3846 accuracy 0.8750
Batch 51|51: loss 0.3565 accuracy 0.8750
Loss 0.5196 accuracy 0.7797
Time: 25.66
Dev: loss 0.5061 accuracy 0.8213 f1 0.7130
Save model weight !

Epoch 3|30:
Batch 1|51: loss 0.2846 accuracy 0.8750
Batch 11|51: loss 0.3442 accuracy 0.9062
Batch 21|51: loss 0.3454 accuracy 0.8750
Batch 31|51: loss 0.3443 accuracy 0.8594
Batch 41|51: loss 0.2717 accuracy 0.8906
Batch 51|51: loss 0.1846 accuracy 0.9375
Loss 0.3463 accuracy 0.8716
Time: 26.20
Dev: loss 0.4364 accuracy 0.8182 f1 0.7213
Save model weight !

Epoch 4|30:
Batch 1|51: loss 0.1831 accuracy 0.9375
Batch 11|51: loss 0.2293 accuracy 0.9219
Batch 21|51: loss 0.2037 accuracy 0.9219
Batch 31|51: loss 0.2613 accuracy 0.9062
Batch 41|51: loss 0.3022 accuracy 0.8906
Batch 51|51: loss 0.0650 accuracy 1.0000
Loss 0.2363 accuracy 0.9108
Time: 26.79
Dev: loss 0.4956 accuracy 0.8398 f1 0.7512
Save model weight !

Epoch 5|30:
Batch 1|51: loss 0.1511 accuracy 0.9219
Batch 11|51: loss 0.1166 accuracy 0.9844
Batch 21|51: loss 0.2140 accuracy 0.9219
Batch 31|51: loss 0.1548 accuracy 0.9531
Batch 41|51: loss 0.2117 accuracy 0.9219
Batch 51|51: loss 0.3726 accuracy 0.8750
Loss 0.1679 accuracy 0.9409
Time: 27.31
Dev: loss 0.5575 accuracy 0.7963 f1 0.7200

Epoch 6|30:
Batch 1|51: loss 0.1467 accuracy 0.9531
Batch 11|51: loss 0.1650 accuracy 0.9375
Batch 21|51: loss 0.1574 accuracy 0.9688
Batch 31|51: loss 0.0832 accuracy 0.9531
Batch 41|51: loss 0.1433 accuracy 0.9531
Batch 51|51: loss 0.1040 accuracy 0.9375
Loss 0.1134 accuracy 0.9596
Time: 27.01
Dev: loss 0.6178 accuracy 0.8148 f1 0.7405

Epoch 7|30:
Batch 1|51: loss 0.0474 accuracy 0.9844
Batch 11|51: loss 0.1030 accuracy 0.9531
Batch 21|51: loss 0.0475 accuracy 0.9844
Batch 31|51: loss 0.1650 accuracy 0.9219
Batch 41|51: loss 0.0519 accuracy 0.9688
Batch 51|51: loss 0.0260 accuracy 1.0000
Loss 0.0777 accuracy 0.9721
Time: 26.84
Dev: loss 0.6130 accuracy 0.8259 f1 0.7331

Epoch 8|30:
Batch 1|51: loss 0.0374 accuracy 1.0000
Batch 11|51: loss 0.0485 accuracy 0.9844
Batch 21|51: loss 0.0732 accuracy 0.9375
Batch 31|51: loss 0.1059 accuracy 0.9688
Batch 41|51: loss 0.0735 accuracy 0.9844
Batch 51|51: loss 0.0180 accuracy 1.0000
Loss 0.0724 accuracy 0.9740
Time: 27.05
Dev: loss 0.7667 accuracy 0.8060 f1 0.7220

Epoch 9|30:
Batch 1|51: loss 0.0623 accuracy 0.9688
Batch 11|51: loss 0.0118 accuracy 1.0000
Batch 21|51: loss 0.0802 accuracy 0.9688
Batch 31|51: loss 0.0690 accuracy 0.9688
Batch 41|51: loss 0.0105 accuracy 1.0000
Batch 51|51: loss 0.0081 accuracy 1.0000
Loss 0.0520 accuracy 0.9786
Time: 27.02
Dev: loss 0.6258 accuracy 0.8196 f1 0.7361

Epoch 10|30:
Batch 1|51: loss 0.0230 accuracy 1.0000
Batch 11|51: loss 0.0160 accuracy 1.0000
Batch 21|51: loss 0.0208 accuracy 0.9844
Batch 31|51: loss 0.0367 accuracy 1.0000
Batch 41|51: loss 0.0391 accuracy 0.9688
Batch 51|51: loss 0.0054 accuracy 1.0000
Loss 0.0299 accuracy 0.9887
Time: 26.99
Dev: loss 0.7115 accuracy 0.8105 f1 0.7210

Epoch 11|30:
Batch 1|51: loss 0.0052 accuracy 1.0000
Batch 11|51: loss 0.0041 accuracy 1.0000
Batch 21|51: loss 0.0203 accuracy 0.9844
Batch 31|51: loss 0.0270 accuracy 0.9844
Batch 41|51: loss 0.0384 accuracy 0.9844
Batch 51|51: loss 0.0044 accuracy 1.0000
Loss 0.0197 accuracy 0.9933
Time: 26.97
Dev: loss 0.7844 accuracy 0.8290 f1 0.7401

Epoch 12|30:
Batch 1|51: loss 0.0069 accuracy 1.0000
Batch 11|51: loss 0.0037 accuracy 1.0000
Batch 21|51: loss 0.0655 accuracy 0.9844
Batch 31|51: loss 0.0027 accuracy 1.0000
Batch 41|51: loss 0.0045 accuracy 1.0000
Batch 51|51: loss 0.0391 accuracy 1.0000
Loss 0.0179 accuracy 0.9939
Time: 26.96
Dev: loss 0.7275 accuracy 0.8352 f1 0.7516
Save model weight !

Epoch 13|30:
Batch 1|51: loss 0.0241 accuracy 0.9844
Batch 11|51: loss 0.0218 accuracy 1.0000
Batch 21|51: loss 0.0015 accuracy 1.0000
Batch 31|51: loss 0.0162 accuracy 1.0000
Batch 41|51: loss 0.0904 accuracy 0.9844
Batch 51|51: loss 0.0192 accuracy 1.0000
Loss 0.0426 accuracy 0.9868
Time: 27.11
Dev: loss 0.6861 accuracy 0.8520 f1 0.7615
Save model weight !

Epoch 14|30:
Batch 1|51: loss 0.0151 accuracy 0.9844
Batch 11|51: loss 0.0080 accuracy 1.0000
Batch 21|51: loss 0.0018 accuracy 1.0000
Batch 31|51: loss 0.0291 accuracy 0.9844
Batch 41|51: loss 0.0827 accuracy 0.9844
Batch 51|51: loss 0.0025 accuracy 1.0000
Loss 0.0178 accuracy 0.9945
Time: 27.13
Dev: loss 0.7654 accuracy 0.8460 f1 0.7709
Save model weight !

Epoch 15|30:
Batch 1|51: loss 0.0013 accuracy 1.0000
Batch 11|51: loss 0.0016 accuracy 1.0000
Batch 21|51: loss 0.0011 accuracy 1.0000
Batch 31|51: loss 0.0013 accuracy 1.0000
Batch 41|51: loss 0.0011 accuracy 1.0000
Batch 51|51: loss 0.0023 accuracy 1.0000
Loss 0.0047 accuracy 0.9988
Time: 27.14
Dev: loss 0.8183 accuracy 0.8491 f1 0.7809
Save model weight !

Epoch 16|30:
Batch 1|51: loss 0.0013 accuracy 1.0000
Batch 11|51: loss 0.0011 accuracy 1.0000
Batch 21|51: loss 0.0011 accuracy 1.0000
Batch 31|51: loss 0.0011 accuracy 1.0000
Batch 41|51: loss 0.0007 accuracy 1.0000
Batch 51|51: loss 0.0020 accuracy 1.0000
Loss 0.0033 accuracy 0.9991
Time: 27.08
Dev: loss 0.8796 accuracy 0.8446 f1 0.7776

Epoch 17|30:
Batch 1|51: loss 0.0027 accuracy 1.0000
Batch 11|51: loss 0.0014 accuracy 1.0000
Batch 21|51: loss 0.0008 accuracy 1.0000
Batch 31|51: loss 0.0010 accuracy 1.0000
Batch 41|51: loss 0.0007 accuracy 1.0000
Batch 51|51: loss 0.0008 accuracy 1.0000
Loss 0.0016 accuracy 0.9997
Time: 26.97
Dev: loss 0.8551 accuracy 0.8398 f1 0.7630

Epoch 18|30:
Batch 1|51: loss 0.0005 accuracy 1.0000
Batch 11|51: loss 0.0006 accuracy 1.0000
Batch 21|51: loss 0.0006 accuracy 1.0000
Batch 31|51: loss 0.0007 accuracy 1.0000
Batch 41|51: loss 0.0013 accuracy 1.0000
Batch 51|51: loss 0.0007 accuracy 1.0000
Loss 0.0013 accuracy 0.9997
Time: 26.92
Dev: loss 0.8983 accuracy 0.8460 f1 0.7733

Epoch 19|30:
Batch 1|51: loss 0.0004 accuracy 1.0000
Batch 11|51: loss 0.0004 accuracy 1.0000
Batch 21|51: loss 0.0006 accuracy 1.0000
Batch 31|51: loss 0.0004 accuracy 1.0000
Batch 41|51: loss 0.0004 accuracy 1.0000
Batch 51|51: loss 0.0003 accuracy 1.0000
Loss 0.0005 accuracy 1.0000
Time: 27.02
Dev: loss 0.9256 accuracy 0.8523 f1 0.7794

Epoch 20|30:
Batch 1|51: loss 0.0005 accuracy 1.0000
Batch 11|51: loss 0.0004 accuracy 1.0000
Batch 21|51: loss 0.0004 accuracy 1.0000
Batch 31|51: loss 0.0003 accuracy 1.0000
Batch 41|51: loss 0.0004 accuracy 1.0000
Batch 51|51: loss 0.0003 accuracy 1.0000
Loss 0.0004 accuracy 1.0000
Time: 27.07
Dev: loss 0.9521 accuracy 0.8523 f1 0.7794

Epoch 21|30:
Batch 1|51: loss 0.0003 accuracy 1.0000
Batch 11|51: loss 0.0002 accuracy 1.0000
Batch 21|51: loss 0.0002 accuracy 1.0000
Batch 31|51: loss 0.0002 accuracy 1.0000
Batch 41|51: loss 0.0003 accuracy 1.0000
Batch 51|51: loss 0.0002 accuracy 1.0000
Loss 0.0003 accuracy 1.0000
Time: 27.04
Dev: loss 0.9761 accuracy 0.8460 f1 0.7710

Epoch 22|30:
Batch 1|51: loss 0.0004 accuracy 1.0000
Batch 11|51: loss 0.0003 accuracy 1.0000
Batch 21|51: loss 0.0002 accuracy 1.0000
Batch 31|51: loss 0.0002 accuracy 1.0000
Batch 41|51: loss 0.0002 accuracy 1.0000
Batch 51|51: loss 0.0002 accuracy 1.0000
Loss 0.0002 accuracy 1.0000
Time: 27.01
Dev: loss 1.0102 accuracy 0.8491 f1 0.7753

Epoch 23|30:
Batch 1|51: loss 0.0002 accuracy 1.0000
Batch 11|51: loss 0.0002 accuracy 1.0000
Batch 21|51: loss 0.0002 accuracy 1.0000
Batch 31|51: loss 0.0002 accuracy 1.0000
Batch 41|51: loss 0.0002 accuracy 1.0000
Batch 51|51: loss 0.0001 accuracy 1.0000
Loss 0.0002 accuracy 1.0000
Time: 26.94
Dev: loss 1.0367 accuracy 0.8460 f1 0.7710

Epoch 24|30:
Batch 1|51: loss 0.0001 accuracy 1.0000
Batch 11|51: loss 0.0002 accuracy 1.0000
Batch 21|51: loss 0.0002 accuracy 1.0000
Batch 31|51: loss 0.0002 accuracy 1.0000
Batch 41|51: loss 0.0001 accuracy 1.0000
Batch 51|51: loss 0.0002 accuracy 1.0000
Loss 0.0001 accuracy 1.0000
Time: 26.94
Dev: loss 1.0693 accuracy 0.8491 f1 0.7753

Epoch 25|30:
Batch 1|51: loss 0.0002 accuracy 1.0000
Batch 11|51: loss 0.0001 accuracy 1.0000
Batch 21|51: loss 0.0002 accuracy 1.0000
Batch 31|51: loss 0.0001 accuracy 1.0000
Batch 41|51: loss 0.0001 accuracy 1.0000
Batch 51|51: loss 0.0001 accuracy 1.0000
Loss 0.0001 accuracy 1.0000
Time: 26.96
Dev: loss 1.0971 accuracy 0.8415 f1 0.7677

Epoch 26|30:
Batch 1|51: loss 0.0001 accuracy 1.0000
Batch 11|51: loss 0.0001 accuracy 1.0000
Batch 21|51: loss 0.0001 accuracy 1.0000
Batch 31|51: loss 0.0001 accuracy 1.0000
Batch 41|51: loss 0.0001 accuracy 1.0000
Batch 51|51: loss 0.0001 accuracy 1.0000
Loss 0.0001 accuracy 1.0000
Time: 26.98
Dev: loss 1.1253 accuracy 0.8415 f1 0.7677

Epoch 27|30:
Batch 1|51: loss 0.0001 accuracy 1.0000
Batch 11|51: loss 0.0001 accuracy 1.0000
Batch 21|51: loss 0.0001 accuracy 1.0000
Batch 31|51: loss 0.0001 accuracy 1.0000
Batch 41|51: loss 0.0001 accuracy 1.0000
Batch 51|51: loss 0.0000 accuracy 1.0000
Loss 0.0001 accuracy 1.0000
Time: 27.00
Dev: loss 1.1565 accuracy 0.8491 f1 0.7741

Epoch 28|30:
Batch 1|51: loss 0.0001 accuracy 1.0000
Batch 11|51: loss 0.0001 accuracy 1.0000
Batch 21|51: loss 0.0001 accuracy 1.0000
Batch 31|51: loss 0.0000 accuracy 1.0000
Batch 41|51: loss 0.0001 accuracy 1.0000
Batch 51|51: loss 0.0001 accuracy 1.0000
Loss 0.0001 accuracy 1.0000
Time: 27.00
Dev: loss 1.1901 accuracy 0.8446 f1 0.7709

Epoch 29|30:
Batch 1|51: loss 0.0000 accuracy 1.0000
Batch 11|51: loss 0.0000 accuracy 1.0000
Batch 21|51: loss 0.0000 accuracy 1.0000
Batch 31|51: loss 0.0000 accuracy 1.0000
Batch 41|51: loss 0.0000 accuracy 1.0000
Batch 51|51: loss 0.0000 accuracy 1.0000
Loss 0.0000 accuracy 1.0000
Time: 27.05
Dev: loss 1.2196 accuracy 0.8446 f1 0.7709

Epoch 30|30:
Batch 1|51: loss 0.0001 accuracy 1.0000
Batch 11|51: loss 0.0000 accuracy 1.0000
Batch 21|51: loss 0.0000 accuracy 1.0000
Batch 31|51: loss 0.0000 accuracy 1.0000
Batch 41|51: loss 0.0000 accuracy 1.0000
Batch 51|51: loss 0.0000 accuracy 1.0000
Loss 0.0000 accuracy 1.0000
Time: 27.00
Dev: loss 1.2448 accuracy 0.8446 f1 0.7709

Restore best model !
Test: accuracy 0.8849 f1 0.7981 

