- Model name: xlnet
- Dataset: res14
- Optimizer: adam
- Learning rate: 1e-05
- Dropout: 0.1
- Num epoch: 30
- Batch size: 64
- Pretrained name: xlnet-base-cased
- Pretrained dim: 768
- Max seq len: 50
- Polarities dim: 3
- Device: None 

Train size: 3216
Dev size: 300
Test size: 973

Epoch 1|30:
Batch 1|51: loss 4.0935 accuracy 0.1875
Batch 11|51: loss 0.8330 accuracy 0.6406
Batch 21|51: loss 0.6974 accuracy 0.6719
Batch 31|51: loss 0.5965 accuracy 0.7656
Batch 41|51: loss 0.5310 accuracy 0.7656
Batch 51|51: loss 0.5821 accuracy 0.6250
Loss 0.7884 accuracy 0.7010
Time: 30.28
Dev: loss 0.5022 accuracy 0.7903 f1 0.5885
Save model weight !

Epoch 2|30:
Batch 1|51: loss 0.4229 accuracy 0.7969
Batch 11|51: loss 0.2118 accuracy 0.9219
Batch 21|51: loss 0.4144 accuracy 0.8125
Batch 31|51: loss 0.2123 accuracy 0.9062
Batch 41|51: loss 0.3278 accuracy 0.8750
Batch 51|51: loss 0.2957 accuracy 0.9375
Loss 0.3542 accuracy 0.8612
Time: 31.15
Dev: loss 0.4554 accuracy 0.8523 f1 0.7615
Save model weight !

Epoch 3|30:
Batch 1|51: loss 0.2110 accuracy 0.8906
Batch 11|51: loss 0.1990 accuracy 0.9375
Batch 21|51: loss 0.2170 accuracy 0.9375
Batch 31|51: loss 0.1923 accuracy 0.9219
Batch 41|51: loss 0.1808 accuracy 0.9219
Batch 51|51: loss 0.1407 accuracy 0.9375
Loss 0.1928 accuracy 0.9289
Time: 30.43
Dev: loss 0.5488 accuracy 0.8202 f1 0.7657
Save model weight !

Epoch 4|30:
Batch 1|51: loss 0.1518 accuracy 0.9219
Batch 11|51: loss 0.0478 accuracy 0.9844
Batch 21|51: loss 0.1935 accuracy 0.9375
Batch 31|51: loss 0.0651 accuracy 0.9688
Batch 41|51: loss 0.0733 accuracy 0.9688
Batch 51|51: loss 0.5674 accuracy 0.8750
Loss 0.1034 accuracy 0.9651
Time: 30.81
Dev: loss 0.8899 accuracy 0.7455 f1 0.7145

Epoch 5|30:
Batch 1|51: loss 0.3575 accuracy 0.8438
Batch 11|51: loss 0.0427 accuracy 0.9844
Batch 21|51: loss 0.1255 accuracy 0.9688
Batch 31|51: loss 0.0031 accuracy 1.0000
Batch 41|51: loss 0.0313 accuracy 0.9844
Batch 51|51: loss 0.0109 accuracy 1.0000
Loss 0.0582 accuracy 0.9810
Time: 30.74
Dev: loss 0.5972 accuracy 0.8634 f1 0.8076
Save model weight !

Epoch 6|30:
Batch 1|51: loss 0.0087 accuracy 1.0000
Batch 11|51: loss 0.0059 accuracy 1.0000
Batch 21|51: loss 0.0781 accuracy 0.9844
Batch 31|51: loss 0.0167 accuracy 1.0000
Batch 41|51: loss 0.0418 accuracy 0.9844
Batch 51|51: loss 0.0006 accuracy 1.0000
Loss 0.0275 accuracy 0.9923
Time: 30.61
Dev: loss 0.7211 accuracy 0.8540 f1 0.8067

Epoch 7|30:
Batch 1|51: loss 0.0034 accuracy 1.0000
Batch 11|51: loss 0.0418 accuracy 0.9844
Batch 21|51: loss 0.0029 accuracy 1.0000
Batch 31|51: loss 0.0043 accuracy 1.0000
Batch 41|51: loss 0.0651 accuracy 0.9844
Batch 51|51: loss 0.1095 accuracy 0.9375
Loss 0.0184 accuracy 0.9936
Time: 30.75
Dev: loss 1.2074 accuracy 0.8338 f1 0.7339

Epoch 8|30:
Batch 1|51: loss 0.6636 accuracy 0.8750
Batch 11|51: loss 0.0352 accuracy 0.9844
Batch 21|51: loss 0.0145 accuracy 1.0000
Batch 31|51: loss 0.0481 accuracy 0.9688
Batch 41|51: loss 0.0086 accuracy 1.0000
Batch 51|51: loss 0.1776 accuracy 0.9375
Loss 0.0684 accuracy 0.9838
Time: 30.72
Dev: loss 0.7884 accuracy 0.8153 f1 0.7746

Epoch 9|30:
Batch 1|51: loss 0.0217 accuracy 1.0000
Batch 11|51: loss 0.0033 accuracy 1.0000
Batch 21|51: loss 0.0020 accuracy 1.0000
Batch 31|51: loss 0.0115 accuracy 1.0000
Batch 41|51: loss 0.0067 accuracy 1.0000
Batch 51|51: loss 0.0007 accuracy 1.0000
Loss 0.0151 accuracy 0.9948
Time: 30.68
Dev: loss 0.7902 accuracy 0.8585 f1 0.8032

Epoch 10|30:
Batch 1|51: loss 0.0072 accuracy 1.0000
Batch 11|51: loss 0.0247 accuracy 0.9844
Batch 21|51: loss 0.0117 accuracy 1.0000
Batch 31|51: loss 0.0003 accuracy 1.0000
Batch 41|51: loss 0.0002 accuracy 1.0000
Batch 51|51: loss 0.0058 accuracy 1.0000
Loss 0.0069 accuracy 0.9972
Time: 30.65
Dev: loss 0.8157 accuracy 0.8693 f1 0.8142
Save model weight !

Epoch 11|30:
Batch 1|51: loss 0.0010 accuracy 1.0000
Batch 11|51: loss 0.0333 accuracy 0.9844
Batch 21|51: loss 0.0007 accuracy 1.0000
Batch 31|51: loss 0.0010 accuracy 1.0000
Batch 41|51: loss 0.0004 accuracy 1.0000
Batch 51|51: loss 0.0003 accuracy 1.0000
Loss 0.0068 accuracy 0.9972
Time: 30.74
Dev: loss 0.8666 accuracy 0.8662 f1 0.8085

Epoch 12|30:
Batch 1|51: loss 0.0007 accuracy 1.0000
Batch 11|51: loss 0.0264 accuracy 0.9844
Batch 21|51: loss 0.0178 accuracy 0.9844
Batch 31|51: loss 0.0044 accuracy 1.0000
Batch 41|51: loss 0.0326 accuracy 0.9844
Batch 51|51: loss 0.0000 accuracy 1.0000
Loss 0.0047 accuracy 0.9975
Time: 30.74
Dev: loss 0.9345 accuracy 0.8554 f1 0.7998

Epoch 13|30:
Batch 1|51: loss 0.0001 accuracy 1.0000
Batch 11|51: loss 0.0001 accuracy 1.0000
Batch 21|51: loss 0.0007 accuracy 1.0000
Batch 31|51: loss 0.0000 accuracy 1.0000
Batch 41|51: loss 0.0002 accuracy 1.0000
Batch 51|51: loss 0.0000 accuracy 1.0000
Loss 0.0048 accuracy 0.9972
Time: 30.63
Dev: loss 0.9540 accuracy 0.8554 f1 0.7998

Epoch 14|30:
Batch 1|51: loss 0.0050 accuracy 1.0000
Batch 11|51: loss 0.0001 accuracy 1.0000
Batch 21|51: loss 0.0000 accuracy 1.0000
Batch 31|51: loss 0.0323 accuracy 0.9844
Batch 41|51: loss 0.0002 accuracy 1.0000
Batch 51|51: loss 0.0001 accuracy 1.0000
Loss 0.0039 accuracy 0.9982
Time: 30.69
Dev: loss 1.0350 accuracy 0.8477 f1 0.7943

Epoch 15|30:
Batch 1|51: loss 0.0003 accuracy 1.0000
Batch 11|51: loss 0.0003 accuracy 1.0000
Batch 21|51: loss 0.0001 accuracy 1.0000
Batch 31|51: loss 0.0000 accuracy 1.0000
Batch 41|51: loss 0.0002 accuracy 1.0000
Batch 51|51: loss 0.0000 accuracy 1.0000
Loss 0.0039 accuracy 0.9982
Time: 30.77
Dev: loss 1.0250 accuracy 0.8491 f1 0.7875

Epoch 16|30:
Batch 1|51: loss 0.0000 accuracy 1.0000
Batch 11|51: loss 0.0001 accuracy 1.0000
Batch 21|51: loss 0.0036 accuracy 1.0000
Batch 31|51: loss 0.0002 accuracy 1.0000
Batch 41|51: loss 0.0000 accuracy 1.0000
Batch 51|51: loss 0.0000 accuracy 1.0000
Loss 0.0043 accuracy 0.9982
Time: 30.73
Dev: loss 1.1204 accuracy 0.8446 f1 0.7859

Epoch 17|30:
Batch 1|51: loss 0.0001 accuracy 1.0000
Batch 11|51: loss 0.0000 accuracy 1.0000
Batch 21|51: loss 0.0000 accuracy 1.0000
Batch 31|51: loss 0.0000 accuracy 1.0000
Batch 41|51: loss 0.0001 accuracy 1.0000
Batch 51|51: loss 0.0002 accuracy 1.0000
Loss 0.0042 accuracy 0.9975
Time: 30.69
Dev: loss 1.0521 accuracy 0.8585 f1 0.7945

Epoch 18|30:
Batch 1|51: loss 0.0008 accuracy 1.0000
Batch 11|51: loss 0.0001 accuracy 1.0000
Batch 21|51: loss 0.0147 accuracy 0.9844
Batch 31|51: loss 0.0000 accuracy 1.0000
Batch 41|51: loss 0.0002 accuracy 1.0000
Batch 51|51: loss 0.0000 accuracy 1.0000
Loss 0.0042 accuracy 0.9972
Time: 30.65
Dev: loss 1.0364 accuracy 0.8568 f1 0.7940

Epoch 19|30:
Batch 1|51: loss 0.0000 accuracy 1.0000
Batch 11|51: loss 0.0003 accuracy 1.0000
Batch 21|51: loss 0.0001 accuracy 1.0000
Batch 31|51: loss 0.0000 accuracy 1.0000
Batch 41|51: loss 0.2255 accuracy 0.9531
Batch 51|51: loss 0.0082 accuracy 1.0000
Loss 0.1259 accuracy 0.9770
Time: 30.64
Dev: loss 0.5073 accuracy 0.8602 f1 0.7924

Epoch 20|30:
Batch 1|51: loss 0.0202 accuracy 1.0000
Batch 11|51: loss 0.1314 accuracy 0.9375
Batch 21|51: loss 0.0071 accuracy 1.0000
Batch 31|51: loss 0.0799 accuracy 0.9688
Batch 41|51: loss 0.0443 accuracy 0.9844
Batch 51|51: loss 0.0112 accuracy 1.0000
Loss 0.0451 accuracy 0.9850
Time: 30.64
Dev: loss 0.6535 accuracy 0.8415 f1 0.7762

Epoch 21|30:
Batch 1|51: loss 0.0096 accuracy 1.0000
Batch 11|51: loss 0.0037 accuracy 1.0000
Batch 21|51: loss 0.0045 accuracy 1.0000
Batch 31|51: loss 0.0008 accuracy 1.0000
Batch 41|51: loss 0.0302 accuracy 0.9844
Batch 51|51: loss 0.0073 accuracy 1.0000
Loss 0.0112 accuracy 0.9954
Time: 30.69
Dev: loss 0.8924 accuracy 0.8338 f1 0.7753

Epoch 22|30:
Batch 1|51: loss 0.0022 accuracy 1.0000
Batch 11|51: loss 0.0088 accuracy 1.0000
Batch 21|51: loss 0.0003 accuracy 1.0000
Batch 31|51: loss 0.0021 accuracy 1.0000
Batch 41|51: loss 0.0010 accuracy 1.0000
Batch 51|51: loss 0.0003 accuracy 1.0000
Loss 0.0063 accuracy 0.9975
Time: 30.72
Dev: loss 0.8899 accuracy 0.8369 f1 0.7754

Epoch 23|30:
Batch 1|51: loss 0.0008 accuracy 1.0000
Batch 11|51: loss 0.0207 accuracy 0.9844
Batch 21|51: loss 0.0003 accuracy 1.0000
Batch 31|51: loss 0.0016 accuracy 1.0000
Batch 41|51: loss 0.0141 accuracy 0.9844
Batch 51|51: loss 0.0002 accuracy 1.0000
Loss 0.0037 accuracy 0.9975
Time: 30.73
Dev: loss 0.9127 accuracy 0.8477 f1 0.7831

Epoch 24|30:
Batch 1|51: loss 0.0004 accuracy 1.0000
Batch 11|51: loss 0.0072 accuracy 1.0000
Batch 21|51: loss 0.0002 accuracy 1.0000
Batch 31|51: loss 0.0189 accuracy 0.9844
Batch 41|51: loss 0.0002 accuracy 1.0000
Batch 51|51: loss 0.0002 accuracy 1.0000
Loss 0.0031 accuracy 0.9979
Time: 30.71
Dev: loss 0.9598 accuracy 0.8446 f1 0.7796

Epoch 25|30:
Batch 1|51: loss 0.0001 accuracy 1.0000
Batch 11|51: loss 0.0001 accuracy 1.0000
Batch 21|51: loss 0.0002 accuracy 1.0000
Batch 31|51: loss 0.0002 accuracy 1.0000
Batch 41|51: loss 0.0002 accuracy 1.0000
Batch 51|51: loss 0.0001 accuracy 1.0000
Loss 0.0030 accuracy 0.9975
Time: 30.70
Dev: loss 1.0299 accuracy 0.8509 f1 0.7872

Epoch 26|30:
Batch 1|51: loss 0.0121 accuracy 0.9844
Batch 11|51: loss 0.0001 accuracy 1.0000
Batch 21|51: loss 0.0399 accuracy 0.9844
Batch 31|51: loss 0.0149 accuracy 0.9844
Batch 41|51: loss 0.0002 accuracy 1.0000
Batch 51|51: loss 0.0001 accuracy 1.0000
Loss 0.0032 accuracy 0.9975
Time: 30.69
Dev: loss 1.0194 accuracy 0.8509 f1 0.7854

Epoch 27|30:
Batch 1|51: loss 0.0192 accuracy 1.0000
Batch 11|51: loss 0.0001 accuracy 1.0000
Batch 21|51: loss 0.0001 accuracy 1.0000
Batch 31|51: loss 0.0000 accuracy 1.0000
Batch 41|51: loss 0.0201 accuracy 0.9844
Batch 51|51: loss 0.0000 accuracy 1.0000
Loss 0.0034 accuracy 0.9975
Time: 30.70
Dev: loss 1.1120 accuracy 0.8509 f1 0.7852

Epoch 28|30:
Batch 1|51: loss 0.0002 accuracy 1.0000
Batch 11|51: loss 0.0002 accuracy 1.0000
Batch 21|51: loss 0.0000 accuracy 1.0000
Batch 31|51: loss 0.0001 accuracy 1.0000
Batch 41|51: loss 0.0001 accuracy 1.0000
Batch 51|51: loss 0.0001 accuracy 1.0000
Loss 0.0033 accuracy 0.9979
Time: 30.66
Dev: loss 1.1717 accuracy 0.8540 f1 0.7882

Epoch 29|30:
Batch 1|51: loss 0.0001 accuracy 1.0000
Batch 11|51: loss 0.0000 accuracy 1.0000
Batch 21|51: loss 0.0001 accuracy 1.0000
Batch 31|51: loss 0.0000 accuracy 1.0000
Batch 41|51: loss 1.9933 accuracy 0.8438
Batch 51|51: loss 0.0704 accuracy 0.9375
Loss 0.0748 accuracy 0.9841
Time: 30.63
Dev: loss 0.5622 accuracy 0.8491 f1 0.7787

Epoch 30|30:
Batch 1|51: loss 0.0823 accuracy 0.9688
Batch 11|51: loss 0.0118 accuracy 1.0000
Batch 21|51: loss 0.0485 accuracy 0.9844
Batch 31|51: loss 0.0095 accuracy 1.0000
Batch 41|51: loss 0.0024 accuracy 1.0000
Batch 51|51: loss 0.0151 accuracy 1.0000
Loss 0.0249 accuracy 0.9936
Time: 30.68
Dev: loss 0.7233 accuracy 0.8585 f1 0.8049

Restore best model !
Test: accuracy 0.9116 f1 0.8439 

