- Dataset: res16
- Optimizer: adam
- Learning rate: 0.001
- Num epoch: 100
- Batch size: 16
- Hidden dim: 100
- Polarities dim: 3
- Device: None 

Restore roberta model !
Dev: accuracy 0.8860 f1 0.7933

Restore bert model !
Dev: accuracy 0.8662 f1 0.7673

Restore xlnet model !
Dev: accuracy 0.8717 f1 0.7628

Restore xlmr model !
Dev: accuracy 0.8564 f1 0.7532

Start training meta model!

Epoch 1|100:
Batch 1|13: loss 0.1651 accuracy 1.0000
Batch 11|13: loss 0.1119 accuracy 1.0000
Loss 0.3725 accuracy 0.8846 f1 0.7529
Time: 0.08
Dev: loss 0.4250 accuracy 0.8304 f1 0.7324
Save model weight !

Epoch 2|100:
Batch 1|13: loss 0.4389 accuracy 0.8750
Batch 11|13: loss 0.3437 accuracy 0.9375
Loss 0.3781 accuracy 0.8846 f1 0.7712
Time: 0.03
Dev: loss 0.3018 accuracy 0.8839 f1 0.8315
Save model weight !

Epoch 3|100:
Batch 1|13: loss 0.4790 accuracy 0.8125
Batch 11|13: loss 0.2158 accuracy 0.9375
Loss 0.3626 accuracy 0.8894 f1 0.7451
Time: 0.03
Dev: loss 0.3140 accuracy 0.8839 f1 0.7652

Epoch 4|100:
Batch 1|13: loss 0.4004 accuracy 0.8125
Batch 11|13: loss 0.3964 accuracy 0.8750
Loss 0.3612 accuracy 0.8846 f1 0.7486
Time: 0.02
Dev: loss 0.3262 accuracy 0.8571 f1 0.7426

Epoch 5|100:
Batch 1|13: loss 0.2261 accuracy 1.0000
Batch 11|13: loss 0.4115 accuracy 0.8750
Loss 0.3438 accuracy 0.8942 f1 0.7620
Time: 0.03
Dev: loss 0.3096 accuracy 0.8839 f1 0.8058

Epoch 6|100:
Batch 1|13: loss 0.3749 accuracy 0.9375
Batch 11|13: loss 0.2731 accuracy 0.8750
Loss 0.3409 accuracy 0.8990 f1 0.7648
Time: 0.02
Dev: loss 0.3236 accuracy 0.8571 f1 0.7388

Epoch 7|100:
Batch 1|13: loss 0.5629 accuracy 0.8125
Batch 11|13: loss 0.5028 accuracy 0.8750
Loss 0.3441 accuracy 0.8894 f1 0.7543
Time: 0.03
Dev: loss 0.3008 accuracy 0.8839 f1 0.7847

Epoch 8|100:
Batch 1|13: loss 0.4520 accuracy 0.8750
Batch 11|13: loss 0.0750 accuracy 1.0000
Loss 0.3798 accuracy 0.8798 f1 0.7661
Time: 0.03
Dev: loss 0.3089 accuracy 0.8839 f1 0.7693

Epoch 9|100:
Batch 1|13: loss 0.6518 accuracy 0.7500
Batch 11|13: loss 0.1781 accuracy 0.9375
Loss 0.3330 accuracy 0.8942 f1 0.7423
Time: 0.02
Dev: loss 0.3013 accuracy 0.8839 f1 0.8196

Epoch 10|100:
Batch 1|13: loss 0.2064 accuracy 0.9375
Batch 11|13: loss 0.4506 accuracy 0.8750
Loss 0.3384 accuracy 0.8894 f1 0.7769
Time: 0.02
Dev: loss 0.3105 accuracy 0.8839 f1 0.8144

Epoch 11|100:
Batch 1|13: loss 0.2984 accuracy 0.8750
Batch 11|13: loss 0.1167 accuracy 0.9375
Loss 0.3454 accuracy 0.8894 f1 0.7417
Time: 0.02
Dev: loss 0.3290 accuracy 0.8661 f1 0.7295

Epoch 12|100:
Batch 1|13: loss 0.2142 accuracy 0.8750
Batch 11|13: loss 0.3364 accuracy 0.9375
Loss 0.3505 accuracy 0.8894 f1 0.7248
Time: 0.02
Dev: loss 0.4318 accuracy 0.8393 f1 0.7382

Epoch 13|100:
Batch 1|13: loss 0.1153 accuracy 1.0000
Batch 11|13: loss 0.1595 accuracy 0.9375
Loss 0.3413 accuracy 0.8894 f1 0.7674
Time: 0.02
Dev: loss 0.3021 accuracy 0.8929 f1 0.8196

Epoch 14|100:
Batch 1|13: loss 0.4910 accuracy 0.7500
Batch 11|13: loss 0.2267 accuracy 0.9375
Loss 0.3487 accuracy 0.8846 f1 0.7471
Time: 0.03
Dev: loss 0.3234 accuracy 0.8929 f1 0.7721

Epoch 15|100:
Batch 1|13: loss 0.6083 accuracy 0.8125
Batch 11|13: loss 0.2292 accuracy 0.9375
Loss 0.3325 accuracy 0.8894 f1 0.7632
Time: 0.03
Dev: loss 0.3820 accuracy 0.8661 f1 0.7488

Epoch 16|100:
Batch 1|13: loss 0.3671 accuracy 0.8750
Batch 11|13: loss 0.6274 accuracy 0.8125
Loss 0.3260 accuracy 0.8942 f1 0.7804
Time: 0.03
Dev: loss 0.3672 accuracy 0.8661 f1 0.7539

Epoch 17|100:
Batch 1|13: loss 0.5986 accuracy 0.8125
Batch 11|13: loss 0.1010 accuracy 0.9375
Loss 0.3350 accuracy 0.8846 f1 0.7278
Time: 0.03
Dev: loss 0.3968 accuracy 0.8661 f1 0.8023

Epoch 18|100:
Batch 1|13: loss 0.2355 accuracy 0.9375
Batch 11|13: loss 0.5032 accuracy 0.8750
Loss 0.3186 accuracy 0.8942 f1 0.7769
Time: 0.03
Dev: loss 0.3039 accuracy 0.8929 f1 0.8190

Epoch 19|100:
Batch 1|13: loss 0.3933 accuracy 0.9375
Batch 11|13: loss 0.1970 accuracy 0.9375
Loss 0.3320 accuracy 0.8894 f1 0.7389
Time: 0.03
Dev: loss 0.3463 accuracy 0.8661 f1 0.8147

Epoch 20|100:
Batch 1|13: loss 0.2219 accuracy 0.9375
Batch 11|13: loss 0.1990 accuracy 0.9375
Loss 0.3175 accuracy 0.8942 f1 0.7907
Time: 0.02
Dev: loss 0.3783 accuracy 0.8661 f1 0.7534

Epoch 21|100:
Batch 1|13: loss 0.4514 accuracy 0.8125
Batch 11|13: loss 0.5499 accuracy 0.8125
Loss 0.3236 accuracy 0.8894 f1 0.7515
Time: 0.02
Dev: loss 0.3306 accuracy 0.8661 f1 0.7725

Epoch 22|100:
Batch 1|13: loss 0.0706 accuracy 1.0000
Batch 11|13: loss 0.0765 accuracy 1.0000
Loss 0.3250 accuracy 0.8894 f1 0.7714
Time: 0.03
Dev: loss 0.3057 accuracy 0.8929 f1 0.8152

Epoch 23|100:
Batch 1|13: loss 0.0872 accuracy 1.0000
Batch 11|13: loss 0.4498 accuracy 0.8750
Loss 0.3256 accuracy 0.8894 f1 0.7715
Time: 0.02
Dev: loss 0.3067 accuracy 0.8929 f1 0.8217

Epoch 24|100:
Batch 1|13: loss 0.5038 accuracy 0.8750
Batch 11|13: loss 0.1315 accuracy 0.9375
Loss 0.3182 accuracy 0.8942 f1 0.7915
Time: 0.02
Dev: loss 0.3116 accuracy 0.8929 f1 0.8171

Epoch 25|100:
Batch 1|13: loss 0.3001 accuracy 0.9375
Batch 11|13: loss 0.4548 accuracy 0.8750
Loss 0.3243 accuracy 0.8894 f1 0.7256
Time: 0.03
Dev: loss 0.3928 accuracy 0.8661 f1 0.7387

Epoch 26|100:
Batch 1|13: loss 0.4856 accuracy 0.8125
Batch 11|13: loss 0.2436 accuracy 0.9375
Loss 0.3295 accuracy 0.8894 f1 0.7789
Time: 0.02
Dev: loss 0.3846 accuracy 0.8661 f1 0.7202

Epoch 27|100:
Batch 1|13: loss 0.2705 accuracy 0.8750
Batch 11|13: loss 0.3393 accuracy 0.8750
Loss 0.3146 accuracy 0.8894 f1 0.7674
Time: 0.02
Dev: loss 0.3161 accuracy 0.8929 f1 0.8182

Epoch 28|100:
Batch 1|13: loss 0.2331 accuracy 0.9375
Batch 11|13: loss 0.8459 accuracy 0.6875
Loss 0.3109 accuracy 0.8942 f1 0.7593
Time: 0.02
Dev: loss 0.3106 accuracy 0.8929 f1 0.7697

Epoch 29|100:
Batch 1|13: loss 0.0512 accuracy 1.0000
Batch 11|13: loss 0.3458 accuracy 0.8750
Loss 0.3193 accuracy 0.8894 f1 0.7536
Time: 0.02
Dev: loss 0.3474 accuracy 0.8661 f1 0.7697

Epoch 30|100:
Batch 1|13: loss 0.2953 accuracy 0.8750
Batch 11|13: loss 0.1521 accuracy 0.9375
Loss 0.3082 accuracy 0.8942 f1 0.7910
Time: 0.02
Dev: loss 0.3115 accuracy 0.8929 f1 0.8144

Epoch 31|100:
Batch 1|13: loss 0.4022 accuracy 0.8125
Batch 11|13: loss 0.1275 accuracy 0.9375
Loss 0.3201 accuracy 0.8894 f1 0.7571
Time: 0.03
Dev: loss 0.3646 accuracy 0.8661 f1 0.7527

Epoch 32|100:
Batch 1|13: loss 0.4190 accuracy 0.9375
Batch 11|13: loss 0.5182 accuracy 0.8125
Loss 0.3066 accuracy 0.8942 f1 0.7459
Time: 0.03
Dev: loss 0.3159 accuracy 0.8929 f1 0.7758

Epoch 33|100:
Batch 1|13: loss 0.1253 accuracy 0.9375
Batch 11|13: loss 0.2010 accuracy 0.9375
Loss 0.3223 accuracy 0.8894 f1 0.7473
Time: 0.02
Dev: loss 0.3116 accuracy 0.8929 f1 0.8015

Epoch 34|100:
Batch 1|13: loss 0.7177 accuracy 0.6875
Batch 11|13: loss 0.4835 accuracy 0.8125
Loss 0.3447 accuracy 0.8798 f1 0.7495
Time: 0.02
Dev: loss 0.3158 accuracy 0.8929 f1 0.8046

Epoch 35|100:
Batch 1|13: loss 0.2701 accuracy 0.9375
Batch 11|13: loss 0.3712 accuracy 0.8750
Loss 0.3170 accuracy 0.8942 f1 0.7726
Time: 0.02
Dev: loss 0.3120 accuracy 0.8929 f1 0.8176

Epoch 36|100:
Batch 1|13: loss 0.5945 accuracy 0.7500
Batch 11|13: loss 0.3464 accuracy 0.9375
Loss 0.3063 accuracy 0.8990 f1 0.7861
Time: 0.02
Dev: loss 0.4085 accuracy 0.8661 f1 0.7643

Epoch 37|100:
Batch 1|13: loss 0.2834 accuracy 0.8750
Batch 11|13: loss 0.5143 accuracy 0.8750
Loss 0.3029 accuracy 0.8990 f1 0.7952
Time: 0.03
Dev: loss 0.3153 accuracy 0.8929 f1 0.8056

Epoch 38|100:
Batch 1|13: loss 0.5787 accuracy 0.8125
Batch 11|13: loss 0.4451 accuracy 0.8125
Loss 0.3039 accuracy 0.8942 f1 0.8008
Time: 0.02
Dev: loss 0.3188 accuracy 0.8929 f1 0.8071

Epoch 39|100:
Batch 1|13: loss 0.2385 accuracy 0.9375
Batch 11|13: loss 0.4953 accuracy 0.7500
Loss 0.3122 accuracy 0.8894 f1 0.7564
Time: 0.02
Dev: loss 0.4482 accuracy 0.8393 f1 0.7428

Epoch 40|100:
Batch 1|13: loss 0.5293 accuracy 0.8125
Batch 11|13: loss 0.1686 accuracy 0.9375
Loss 0.3222 accuracy 0.8894 f1 0.7632
Time: 0.02
Dev: loss 0.4047 accuracy 0.8661 f1 0.7482

Epoch 41|100:
Batch 1|13: loss 0.0731 accuracy 1.0000
Batch 11|13: loss 0.2986 accuracy 0.8750
Loss 0.3100 accuracy 0.8894 f1 0.7717
Time: 0.02
Dev: loss 0.3970 accuracy 0.8661 f1 0.8097

Epoch 42|100:
Batch 1|13: loss 0.3429 accuracy 0.8750
Batch 11|13: loss 0.3624 accuracy 0.8750
Loss 0.3018 accuracy 0.8942 f1 0.7393
Time: 0.02
Dev: loss 0.3169 accuracy 0.8929 f1 0.7604

Epoch 43|100:
Batch 1|13: loss 0.0441 accuracy 1.0000
Batch 11|13: loss 0.2501 accuracy 0.9375
Loss 0.3081 accuracy 0.8894 f1 0.7822
Time: 0.03
Dev: loss 0.4739 accuracy 0.8393 f1 0.7826

Epoch 44|100:
Batch 1|13: loss 0.1726 accuracy 0.9375
Batch 11|13: loss 0.1602 accuracy 0.9375
Loss 0.3066 accuracy 0.8894 f1 0.8032
Time: 0.03
Dev: loss 0.3181 accuracy 0.8929 f1 0.7982

Epoch 45|100:
Batch 1|13: loss 0.0991 accuracy 1.0000
Batch 11|13: loss 0.3368 accuracy 0.8750
Loss 0.3158 accuracy 0.8846 f1 0.7376
Time: 0.02
Dev: loss 0.3185 accuracy 0.8929 f1 0.7777

Epoch 46|100:
Batch 1|13: loss 0.1754 accuracy 0.9375
Batch 11|13: loss 0.0924 accuracy 1.0000
Loss 0.2986 accuracy 0.8942 f1 0.7967
Time: 0.03
Dev: loss 0.3809 accuracy 0.8571 f1 0.7203

Epoch 47|100:
Batch 1|13: loss 0.5027 accuracy 0.8750
Batch 11|13: loss 0.4596 accuracy 0.7500
Loss 0.3175 accuracy 0.8846 f1 0.7220
Time: 0.02
Dev: loss 0.3344 accuracy 0.8839 f1 0.7840

Epoch 48|100:
Batch 1|13: loss 0.2143 accuracy 0.9375
Batch 11|13: loss 0.5025 accuracy 0.8125
Loss 0.2990 accuracy 0.8942 f1 0.7899
Time: 0.03
Dev: loss 0.4058 accuracy 0.8304 f1 0.7131

Epoch 49|100:
Batch 1|13: loss 0.2715 accuracy 0.9375
Batch 11|13: loss 0.3051 accuracy 0.8750
Loss 0.2990 accuracy 0.8942 f1 0.7876
Time: 0.02
Dev: loss 0.3250 accuracy 0.8839 f1 0.8339
Save model weight !

Epoch 50|100:
Batch 1|13: loss 0.1576 accuracy 0.9375
Batch 11|13: loss 0.1939 accuracy 0.9375
Loss 0.3027 accuracy 0.8942 f1 0.7952
Time: 0.03
Dev: loss 0.3205 accuracy 0.8839 f1 0.7734

Epoch 51|100:
Batch 1|13: loss 0.5501 accuracy 0.8125
Batch 11|13: loss 0.1610 accuracy 0.9375
Loss 0.2964 accuracy 0.8942 f1 0.7913
Time: 0.03
Dev: loss 0.3223 accuracy 0.8839 f1 0.8109

Epoch 52|100:
Batch 1|13: loss 0.7058 accuracy 0.7500
Batch 11|13: loss 0.1748 accuracy 0.9375
Loss 0.2973 accuracy 0.8894 f1 0.7216
Time: 0.03
Dev: loss 0.3268 accuracy 0.8929 f1 0.8076

Epoch 53|100:
Batch 1|13: loss 0.2290 accuracy 0.9375
Batch 11|13: loss 0.4511 accuracy 0.8125
Loss 0.3042 accuracy 0.8846 f1 0.7529
Time: 0.03
Dev: loss 0.3232 accuracy 0.8929 f1 0.7713

Epoch 54|100:
Batch 1|13: loss 0.4480 accuracy 0.8125
Batch 11|13: loss 0.4454 accuracy 0.8125
Loss 0.2955 accuracy 0.8894 f1 0.7534
Time: 0.03
Dev: loss 0.3300 accuracy 0.9018 f1 0.8092

Epoch 55|100:
Batch 1|13: loss 0.5579 accuracy 0.7500
Batch 11|13: loss 0.2273 accuracy 0.9375
Loss 0.2954 accuracy 0.8894 f1 0.7549
Time: 0.02
Dev: loss 0.4179 accuracy 0.8750 f1 0.7600

Epoch 56|100:
Batch 1|13: loss 0.5112 accuracy 0.7500
Batch 11|13: loss 0.3647 accuracy 0.8750
Loss 0.3055 accuracy 0.8798 f1 0.7799
Time: 0.02
Dev: loss 0.3234 accuracy 0.9018 f1 0.7811

Epoch 57|100:
Batch 1|13: loss 0.1672 accuracy 0.9375
Batch 11|13: loss 0.2425 accuracy 0.9375
Loss 0.3071 accuracy 0.8846 f1 0.7389
Time: 0.03
Dev: loss 0.3315 accuracy 0.9018 f1 0.7912

Epoch 58|100:
Batch 1|13: loss 0.1259 accuracy 1.0000
Batch 11|13: loss 0.3202 accuracy 0.8750
Loss 0.3002 accuracy 0.8846 f1 0.7764
Time: 0.02
Dev: loss 0.5119 accuracy 0.8482 f1 0.7636

Epoch 59|100:
Batch 1|13: loss 0.3337 accuracy 0.8750
Batch 11|13: loss 0.2571 accuracy 0.8750
Loss 0.3223 accuracy 0.8654 f1 0.7596
Time: 0.02
Dev: loss 0.4127 accuracy 0.8750 f1 0.7707

Epoch 60|100:
Batch 1|13: loss 0.4910 accuracy 0.8125
Batch 11|13: loss 0.1639 accuracy 0.9375
Loss 0.3075 accuracy 0.8750 f1 0.7373
Time: 0.03
Dev: loss 0.3464 accuracy 0.9018 f1 0.7770

Epoch 61|100:
Batch 1|13: loss 0.1999 accuracy 0.9375
Batch 11|13: loss 0.2351 accuracy 0.9375
Loss 0.3063 accuracy 0.8798 f1 0.7457
Time: 0.03
Dev: loss 0.3251 accuracy 0.9018 f1 0.8125

Epoch 62|100:
Batch 1|13: loss 0.1142 accuracy 0.9375
Batch 11|13: loss 0.3529 accuracy 0.7500
Loss 0.3120 accuracy 0.8798 f1 0.7427
Time: 0.02
Dev: loss 0.3270 accuracy 0.9018 f1 0.8461
Save model weight !

Epoch 63|100:
Batch 1|13: loss 0.2024 accuracy 0.8750
Batch 11|13: loss 0.2928 accuracy 0.8125
Loss 0.3100 accuracy 0.8798 f1 0.7199
Time: 0.03
Dev: loss 0.3484 accuracy 0.9018 f1 0.8082

Epoch 64|100:
Batch 1|13: loss 0.2072 accuracy 0.9375
Batch 11|13: loss 0.3210 accuracy 0.8750
Loss 0.3023 accuracy 0.8750 f1 0.7312
Time: 0.03
Dev: loss 0.4193 accuracy 0.8750 f1 0.7968

Epoch 65|100:
Batch 1|13: loss 0.4049 accuracy 0.8750
Batch 11|13: loss 0.2539 accuracy 0.8750
Loss 0.3060 accuracy 0.8798 f1 0.7760
Time: 0.02
Dev: loss 0.4956 accuracy 0.8482 f1 0.8182

Epoch 66|100:
Batch 1|13: loss 0.2996 accuracy 0.9375
Batch 11|13: loss 0.3170 accuracy 0.8750
Loss 0.2968 accuracy 0.8798 f1 0.7618
Time: 0.03
Dev: loss 0.4069 accuracy 0.8750 f1 0.8184

Epoch 67|100:
Batch 1|13: loss 0.4330 accuracy 0.8125
Batch 11|13: loss 0.4785 accuracy 0.7500
Loss 0.2978 accuracy 0.8798 f1 0.7163
Time: 0.02
Dev: loss 0.3646 accuracy 0.8750 f1 0.7303

Epoch 68|100:
Batch 1|13: loss 0.2409 accuracy 0.8750
Batch 11|13: loss 0.4335 accuracy 0.8125
Loss 0.3017 accuracy 0.8798 f1 0.7597
Time: 0.02
Dev: loss 0.3288 accuracy 0.9018 f1 0.8269

Epoch 69|100:
Batch 1|13: loss 0.3353 accuracy 0.8750
Batch 11|13: loss 0.4807 accuracy 0.7500
Loss 0.3047 accuracy 0.8750 f1 0.7588
Time: 0.02
Dev: loss 0.3293 accuracy 0.9018 f1 0.8460

Epoch 70|100:
Batch 1|13: loss 0.7400 accuracy 0.7500
Batch 11|13: loss 0.3864 accuracy 0.8125
Loss 0.3294 accuracy 0.8702 f1 0.7456
Time: 0.02
Dev: loss 0.3293 accuracy 0.9018 f1 0.8508
Save model weight !

Epoch 71|100:
Batch 1|13: loss 0.2261 accuracy 0.9375
Batch 11|13: loss 0.3118 accuracy 0.8125
Loss 0.2922 accuracy 0.8846 f1 0.7585
Time: 0.03
Dev: loss 0.3426 accuracy 0.9018 f1 0.8287

Epoch 72|100:
Batch 1|13: loss 0.0511 accuracy 1.0000
Batch 11|13: loss 0.1266 accuracy 1.0000
Loss 0.2912 accuracy 0.8846 f1 0.7908
Time: 0.03
Dev: loss 0.3316 accuracy 0.9018 f1 0.7920

Epoch 73|100:
Batch 1|13: loss 0.2238 accuracy 0.9375
Batch 11|13: loss 0.4312 accuracy 0.8750
Loss 0.2941 accuracy 0.8846 f1 0.7813
Time: 0.02
Dev: loss 0.4168 accuracy 0.8750 f1 0.7548

Epoch 74|100:
Batch 1|13: loss 0.7004 accuracy 0.7500
Batch 11|13: loss 0.0502 accuracy 1.0000
Loss 0.2954 accuracy 0.8798 f1 0.8163
Time: 0.03
Dev: loss 0.3507 accuracy 0.9018 f1 0.8538
Save model weight !

Epoch 75|100:
Batch 1|13: loss 0.0825 accuracy 1.0000
Batch 11|13: loss 0.3785 accuracy 0.8125
Loss 0.2909 accuracy 0.8846 f1 0.7695
Time: 0.03
Dev: loss 0.3752 accuracy 0.8750 f1 0.7341

Epoch 76|100:
Batch 1|13: loss 0.3249 accuracy 0.8125
Batch 11|13: loss 0.4746 accuracy 0.8125
Loss 0.2911 accuracy 0.8846 f1 0.7892
Time: 0.03
Dev: loss 0.3324 accuracy 0.9018 f1 0.7891

Epoch 77|100:
Batch 1|13: loss 0.1677 accuracy 0.9375
Batch 11|13: loss 0.1992 accuracy 0.9375
Loss 0.3363 accuracy 0.8702 f1 0.7781
Time: 0.03
Dev: loss 0.3318 accuracy 0.9018 f1 0.7782

Epoch 78|100:
Batch 1|13: loss 0.3494 accuracy 0.8750
Batch 11|13: loss 0.3493 accuracy 0.8125
Loss 0.2918 accuracy 0.8846 f1 0.7489
Time: 0.03
Dev: loss 0.4297 accuracy 0.8482 f1 0.7702

Epoch 79|100:
Batch 1|13: loss 0.1280 accuracy 1.0000
Batch 11|13: loss 0.4419 accuracy 0.8125
Loss 0.2912 accuracy 0.8846 f1 0.7657
Time: 0.02
Dev: loss 0.3721 accuracy 0.8750 f1 0.7676

Epoch 80|100:
Batch 1|13: loss 0.1335 accuracy 0.9375
Batch 11|13: loss 0.2939 accuracy 0.9375
Loss 0.3036 accuracy 0.8750 f1 0.7467
Time: 0.02
Dev: loss 0.3331 accuracy 0.9018 f1 0.7804

Epoch 81|100:
Batch 1|13: loss 0.4041 accuracy 0.8125
Batch 11|13: loss 0.0443 accuracy 1.0000
Loss 0.2913 accuracy 0.8846 f1 0.7954
Time: 0.02
Dev: loss 0.3333 accuracy 0.9018 f1 0.8235

Epoch 82|100:
Batch 1|13: loss 0.2067 accuracy 0.8750
Batch 11|13: loss 0.0831 accuracy 1.0000
Loss 0.2948 accuracy 0.8798 f1 0.7347
Time: 0.03
Dev: loss 0.5130 accuracy 0.8482 f1 0.7721

Epoch 83|100:
Batch 1|13: loss 0.3349 accuracy 0.8125
Batch 11|13: loss 0.0770 accuracy 1.0000
Loss 0.2915 accuracy 0.8846 f1 0.7552
Time: 0.02
Dev: loss 0.3352 accuracy 0.9018 f1 0.8168

Epoch 84|100:
Batch 1|13: loss 0.0406 accuracy 1.0000
Batch 11|13: loss 0.4953 accuracy 0.8125
Loss 0.2925 accuracy 0.8846 f1 0.7850
Time: 0.02
Dev: loss 0.3550 accuracy 0.9018 f1 0.7595

Epoch 85|100:
Batch 1|13: loss 0.3467 accuracy 0.8750
Batch 11|13: loss 0.3762 accuracy 0.8750
Loss 0.2899 accuracy 0.8846 f1 0.7853
Time: 0.03
Dev: loss 0.3694 accuracy 0.9018 f1 0.8253

Epoch 86|100:
Batch 1|13: loss 0.2023 accuracy 0.9375
Batch 11|13: loss 0.3146 accuracy 0.8125
Loss 0.3142 accuracy 0.8750 f1 0.7556
Time: 0.02
Dev: loss 0.3350 accuracy 0.9018 f1 0.8212

Epoch 87|100:
Batch 1|13: loss 0.3686 accuracy 0.8750
Batch 11|13: loss 0.5266 accuracy 0.8125
Loss 0.3114 accuracy 0.8750 f1 0.7800
Time: 0.02
Dev: loss 0.5620 accuracy 0.8214 f1 0.7383

Epoch 88|100:
Batch 1|13: loss 0.3046 accuracy 0.9375
Batch 11|13: loss 0.2654 accuracy 0.9375
Loss 0.2894 accuracy 0.8846 f1 0.7696
Time: 0.02
Dev: loss 0.3356 accuracy 0.9018 f1 0.8304

Epoch 89|100:
Batch 1|13: loss 0.1842 accuracy 0.8750
Batch 11|13: loss 0.4987 accuracy 0.8125
Loss 0.3117 accuracy 0.8798 f1 0.7563
Time: 0.02
Dev: loss 0.3368 accuracy 0.9018 f1 0.7889

Epoch 90|100:
Batch 1|13: loss 0.2301 accuracy 0.8750
Batch 11|13: loss 0.0986 accuracy 1.0000
Loss 0.3096 accuracy 0.8750 f1 0.7247
Time: 0.02
Dev: loss 0.3359 accuracy 0.9018 f1 0.8168

Epoch 91|100:
Batch 1|13: loss 0.1304 accuracy 0.9375
Batch 11|13: loss 0.0761 accuracy 1.0000
Loss 0.3010 accuracy 0.8798 f1 0.7883
Time: 0.03
Dev: loss 0.4211 accuracy 0.8750 f1 0.7767

Epoch 92|100:
Batch 1|13: loss 0.7417 accuracy 0.6875
Batch 11|13: loss 0.0961 accuracy 0.9375
Loss 0.2896 accuracy 0.8894 f1 0.7716
Time: 0.03
Dev: loss 0.3372 accuracy 0.9018 f1 0.7828

Epoch 93|100:
Batch 1|13: loss 0.5276 accuracy 0.8125
Batch 11|13: loss 0.4034 accuracy 0.8125
Loss 0.3024 accuracy 0.8750 f1 0.7954
Time: 0.02
Dev: loss 0.4094 accuracy 0.8750 f1 0.7352

Epoch 94|100:
Batch 1|13: loss 0.2794 accuracy 0.8750
Batch 11|13: loss 0.4785 accuracy 0.8750
Loss 0.2946 accuracy 0.8846 f1 0.7564
Time: 0.03
Dev: loss 0.3376 accuracy 0.9018 f1 0.7997

Epoch 95|100:
Batch 1|13: loss 0.1758 accuracy 0.8750
Batch 11|13: loss 0.3019 accuracy 0.8750
Loss 0.3099 accuracy 0.8798 f1 0.7349
Time: 0.02
Dev: loss 0.3698 accuracy 0.8750 f1 0.7922

Epoch 96|100:
Batch 1|13: loss 0.5801 accuracy 0.7500
Batch 11|13: loss 0.3145 accuracy 0.9375
Loss 0.2899 accuracy 0.8894 f1 0.7522
Time: 0.02
Dev: loss 0.3418 accuracy 0.9018 f1 0.7916

Epoch 97|100:
Batch 1|13: loss 0.1870 accuracy 0.9375
Batch 11|13: loss 0.6142 accuracy 0.7500
Loss 0.3066 accuracy 0.8798 f1 0.7683
Time: 0.02
Dev: loss 0.3560 accuracy 0.9018 f1 0.7827

Epoch 98|100:
Batch 1|13: loss 0.2190 accuracy 0.9375
Batch 11|13: loss 0.4277 accuracy 0.8125
Loss 0.3246 accuracy 0.8750 f1 0.7454
Time: 0.02
Dev: loss 0.4249 accuracy 0.8750 f1 0.8129

Epoch 99|100:
Batch 1|13: loss 0.4479 accuracy 0.8125
Batch 11|13: loss 0.2107 accuracy 0.9375
Loss 0.2900 accuracy 0.8894 f1 0.7915
Time: 0.03
Dev: loss 0.3400 accuracy 0.9018 f1 0.8518

Epoch 100|100:
Batch 1|13: loss 0.0418 accuracy 1.0000
Batch 11|13: loss 0.2615 accuracy 0.9375
Loss 0.2888 accuracy 0.8894 f1 0.7862
Time: 0.03
Dev: loss 0.3415 accuracy 0.9018 f1 0.8515

Restore best meta model !
Restore roberta model !
Test: accuracy 0.8868 f1 0.7671 

Restore bert model !
Test: accuracy 0.8602 f1 0.7079 

Restore xlnet model !
Test: accuracy 0.8788 f1 0.7162 

Restore xlmr model !
Test: accuracy 0.8668 f1 0.6909 

Restore meta model !

Meta: accuracy 0.8855 f1 0.7590 

