- Model name: xlmr
- Dataset: res16
- Optimizer: adam
- Learning rate: 1e-05
- Dropout: 0.1
- Num epoch: 30
- Batch size: 64
- Pretrained name: xlm-roberta-base
- Pretrained dim: 768
- Max seq len: 50
- Polarities dim: 3
- Device: None 

Train size: 2000
Dev size: 300
Test size: 751

Epoch 1|30:
Batch 1|32: loss 1.1298 accuracy 0.3125
Batch 11|32: loss 0.8150 accuracy 0.7344
Batch 21|32: loss 0.6777 accuracy 0.7500
Batch 31|32: loss 0.7713 accuracy 0.6094
Batch 32|32: loss 0.5172 accuracy 0.8125
Loss 0.8120 accuracy 0.6519
Time: 15.46
Dev: loss 0.7789 accuracy 0.6429 f1 0.2860
Save model weight !

Epoch 2|30:
Batch 1|32: loss 0.8049 accuracy 0.5781
Batch 11|32: loss 0.7892 accuracy 0.7188
Batch 21|32: loss 0.5722 accuracy 0.7812
Batch 31|32: loss 0.4007 accuracy 0.8438
Batch 32|32: loss 0.3877 accuracy 0.8125
Loss 0.5703 accuracy 0.7749
Time: 15.81
Dev: loss 0.3893 accuracy 0.8599 f1 0.6342
Save model weight !

Epoch 3|30:
Batch 1|32: loss 0.4102 accuracy 0.8594
Batch 11|32: loss 0.2876 accuracy 0.8906
Batch 21|32: loss 0.3406 accuracy 0.8594
Batch 31|32: loss 0.5483 accuracy 0.8438
Batch 32|32: loss 0.3877 accuracy 0.9375
Loss 0.3525 accuracy 0.8735
Time: 15.97
Dev: loss 0.4136 accuracy 0.8648 f1 0.6388
Save model weight !

Epoch 4|30:
Batch 1|32: loss 0.4468 accuracy 0.8438
Batch 11|32: loss 0.3078 accuracy 0.9219
Batch 21|32: loss 0.2283 accuracy 0.9062
Batch 31|32: loss 0.3984 accuracy 0.8438
Batch 32|32: loss 0.1854 accuracy 0.9375
Loss 0.2925 accuracy 0.8916
Time: 16.28
Dev: loss 0.3955 accuracy 0.8349 f1 0.6086

Epoch 5|30:
Batch 1|32: loss 0.3293 accuracy 0.8750
Batch 11|32: loss 0.2441 accuracy 0.9062
Batch 21|32: loss 0.2476 accuracy 0.8750
Batch 31|32: loss 0.3438 accuracy 0.8594
Batch 32|32: loss 0.3990 accuracy 0.8125
Loss 0.2543 accuracy 0.8960
Time: 16.50
Dev: loss 0.3876 accuracy 0.8631 f1 0.6346

Epoch 6|30:
Batch 1|32: loss 0.2356 accuracy 0.9219
Batch 11|32: loss 0.1350 accuracy 0.9531
Batch 21|32: loss 0.2824 accuracy 0.8281
Batch 31|32: loss 0.1851 accuracy 0.9062
Batch 32|32: loss 0.5639 accuracy 0.7500
Loss 0.2294 accuracy 0.8979
Time: 16.76
Dev: loss 0.4402 accuracy 0.8259 f1 0.5972

Epoch 7|30:
Batch 1|32: loss 0.2481 accuracy 0.9688
Batch 11|32: loss 0.2431 accuracy 0.8750
Batch 21|32: loss 0.2412 accuracy 0.8906
Batch 31|32: loss 0.0929 accuracy 0.9531
Batch 32|32: loss 0.2834 accuracy 0.8750
Loss 0.2066 accuracy 0.9053
Time: 16.99
Dev: loss 0.4276 accuracy 0.8679 f1 0.6384

Epoch 8|30:
Batch 1|32: loss 0.3824 accuracy 0.8438
Batch 11|32: loss 0.2024 accuracy 0.9219
Batch 21|32: loss 0.1792 accuracy 0.8906
Batch 31|32: loss 0.1776 accuracy 0.9219
Batch 32|32: loss 0.1818 accuracy 0.8750
Loss 0.2057 accuracy 0.9009
Time: 16.84
Dev: loss 0.4139 accuracy 0.8693 f1 0.6404
Save model weight !

Epoch 9|30:
Batch 1|32: loss 0.1520 accuracy 0.9531
Batch 11|32: loss 0.1570 accuracy 0.8906
Batch 21|32: loss 0.1729 accuracy 0.9219
Batch 31|32: loss 0.1498 accuracy 0.9219
Batch 32|32: loss 0.3659 accuracy 0.8125
Loss 0.1821 accuracy 0.9106
Time: 16.69
Dev: loss 0.4355 accuracy 0.8599 f1 0.6659
Save model weight !

Epoch 10|30:
Batch 1|32: loss 0.2479 accuracy 0.8125
Batch 11|32: loss 0.0942 accuracy 0.9688
Batch 21|32: loss 0.1655 accuracy 0.9062
Batch 31|32: loss 0.1699 accuracy 0.9375
Batch 32|32: loss 0.3345 accuracy 0.8125
Loss 0.1618 accuracy 0.9155
Time: 16.91
Dev: loss 0.5134 accuracy 0.8662 f1 0.6707
Save model weight !

Epoch 11|30:
Batch 1|32: loss 0.1546 accuracy 0.9219
Batch 11|32: loss 0.1424 accuracy 0.9688
Batch 21|32: loss 0.1764 accuracy 0.8906
Batch 31|32: loss 0.2014 accuracy 0.8750
Batch 32|32: loss 0.0346 accuracy 1.0000
Loss 0.1443 accuracy 0.9272
Time: 16.99
Dev: loss 0.5129 accuracy 0.8693 f1 0.6751
Save model weight !

Epoch 12|30:
Batch 1|32: loss 0.1119 accuracy 0.9375
Batch 11|32: loss 0.0733 accuracy 0.9844
Batch 21|32: loss 0.1023 accuracy 0.9531
Batch 31|32: loss 0.0971 accuracy 0.9375
Batch 32|32: loss 0.0403 accuracy 1.0000
Loss 0.1314 accuracy 0.9355
Time: 16.88
Dev: loss 0.5598 accuracy 0.8662 f1 0.6713

Epoch 13|30:
Batch 1|32: loss 0.1371 accuracy 0.9062
Batch 11|32: loss 0.0812 accuracy 0.9688
Batch 21|32: loss 0.1518 accuracy 0.9375
Batch 31|32: loss 0.1197 accuracy 0.9531
Batch 32|32: loss 0.0036 accuracy 1.0000
Loss 0.1191 accuracy 0.9409
Time: 16.87
Dev: loss 0.5060 accuracy 0.8724 f1 0.6786
Save model weight !

Epoch 14|30:
Batch 1|32: loss 0.1035 accuracy 0.9688
Batch 11|32: loss 0.1286 accuracy 0.9219
Batch 21|32: loss 0.1770 accuracy 0.9219
Batch 31|32: loss 0.1374 accuracy 0.9062
Batch 32|32: loss 0.0541 accuracy 1.0000
Loss 0.1103 accuracy 0.9502
Time: 16.75
Dev: loss 0.5554 accuracy 0.8429 f1 0.6559

Epoch 15|30:
Batch 1|32: loss 0.1286 accuracy 0.9688
Batch 11|32: loss 0.1001 accuracy 0.9375
Batch 21|32: loss 0.1314 accuracy 0.9531
Batch 31|32: loss 0.0729 accuracy 0.9531
Batch 32|32: loss 0.0412 accuracy 1.0000
Loss 0.1022 accuracy 0.9561
Time: 16.94
Dev: loss 0.5809 accuracy 0.8474 f1 0.6812
Save model weight !

Epoch 16|30:
Batch 1|32: loss 0.1378 accuracy 0.9219
Batch 11|32: loss 0.1144 accuracy 0.9531
Batch 21|32: loss 0.0800 accuracy 0.9531
Batch 31|32: loss 0.0604 accuracy 0.9688
Batch 32|32: loss 0.0516 accuracy 1.0000
Loss 0.0878 accuracy 0.9546
Time: 16.81
Dev: loss 0.6298 accuracy 0.8599 f1 0.7105
Save model weight !

Epoch 17|30:
Batch 1|32: loss 0.0153 accuracy 1.0000
Batch 11|32: loss 0.0489 accuracy 0.9688
Batch 21|32: loss 0.0840 accuracy 0.9688
Batch 31|32: loss 0.0698 accuracy 0.9531
Batch 32|32: loss 0.0833 accuracy 0.9375
Loss 0.0840 accuracy 0.9556
Time: 16.87
Dev: loss 0.6100 accuracy 0.8537 f1 0.6633

Epoch 18|30:
Batch 1|32: loss 0.0304 accuracy 1.0000
Batch 11|32: loss 0.0732 accuracy 0.9531
Batch 21|32: loss 0.0620 accuracy 0.9688
Batch 31|32: loss 0.0683 accuracy 0.9375
Batch 32|32: loss 0.0069 accuracy 1.0000
Loss 0.0674 accuracy 0.9624
Time: 17.01
Dev: loss 0.6483 accuracy 0.8429 f1 0.5976

Epoch 19|30:
Batch 1|32: loss 0.0190 accuracy 1.0000
Batch 11|32: loss 0.0727 accuracy 0.9688
Batch 21|32: loss 0.0689 accuracy 0.9688
Batch 31|32: loss 0.0595 accuracy 0.9844
Batch 32|32: loss 0.1377 accuracy 0.8750
Loss 0.0666 accuracy 0.9629
Time: 16.83
Dev: loss 0.5846 accuracy 0.8506 f1 0.6629

Epoch 20|30:
Batch 1|32: loss 0.0403 accuracy 0.9844
Batch 11|32: loss 0.0658 accuracy 0.9844
Batch 21|32: loss 0.0619 accuracy 0.9531
Batch 31|32: loss 0.0141 accuracy 1.0000
Batch 32|32: loss 0.1098 accuracy 0.9375
Loss 0.0623 accuracy 0.9663
Time: 16.72
Dev: loss 0.7282 accuracy 0.8474 f1 0.6588

Epoch 21|30:
Batch 1|32: loss 0.0500 accuracy 0.9844
Batch 11|32: loss 0.0424 accuracy 0.9688
Batch 21|32: loss 0.0421 accuracy 0.9688
Batch 31|32: loss 0.0488 accuracy 0.9688
Batch 32|32: loss 0.0522 accuracy 1.0000
Loss 0.0585 accuracy 0.9712
Time: 16.75
Dev: loss 0.7186 accuracy 0.8398 f1 0.6184

Epoch 22|30:
Batch 1|32: loss 0.0420 accuracy 0.9844
Batch 11|32: loss 0.0790 accuracy 0.9531
Batch 21|32: loss 0.0558 accuracy 0.9688
Batch 31|32: loss 0.0586 accuracy 0.9688
Batch 32|32: loss 0.0083 accuracy 1.0000
Loss 0.0529 accuracy 0.9678
Time: 16.78
Dev: loss 0.7433 accuracy 0.8398 f1 0.6103

Epoch 23|30:
Batch 1|32: loss 0.0223 accuracy 0.9844
Batch 11|32: loss 0.0594 accuracy 0.9688
Batch 21|32: loss 0.0316 accuracy 0.9688
Batch 31|32: loss 0.0683 accuracy 0.9531
Batch 32|32: loss 0.0471 accuracy 1.0000
Loss 0.0438 accuracy 0.9731
Time: 16.84
Dev: loss 0.7703 accuracy 0.8366 f1 0.6273

Epoch 24|30:
Batch 1|32: loss 0.0271 accuracy 1.0000
Batch 11|32: loss 0.0400 accuracy 0.9531
Batch 21|32: loss 0.0490 accuracy 0.9531
Batch 31|32: loss 0.0207 accuracy 0.9844
Batch 32|32: loss 0.0011 accuracy 1.0000
Loss 0.0407 accuracy 0.9741
Time: 16.84
Dev: loss 0.7357 accuracy 0.8537 f1 0.6864

Epoch 25|30:
Batch 1|32: loss 0.0181 accuracy 1.0000
Batch 11|32: loss 0.1002 accuracy 0.9219
Batch 21|32: loss 0.0601 accuracy 0.9531
Batch 31|32: loss 0.0539 accuracy 0.9844
Batch 32|32: loss 0.1866 accuracy 0.8750
Loss 0.0428 accuracy 0.9756
Time: 16.83
Dev: loss 0.7239 accuracy 0.8457 f1 0.6188

Epoch 26|30:
Batch 1|32: loss 0.1031 accuracy 0.9531
Batch 11|32: loss 0.0287 accuracy 0.9844
Batch 21|32: loss 0.0114 accuracy 1.0000
Batch 31|32: loss 0.0903 accuracy 0.9688
Batch 32|32: loss 0.1126 accuracy 0.9375
Loss 0.0653 accuracy 0.9683
Time: 16.83
Dev: loss 0.7147 accuracy 0.8506 f1 0.6601

Epoch 27|30:
Batch 1|32: loss 0.0353 accuracy 0.9844
Batch 11|32: loss 0.0514 accuracy 0.9531
Batch 21|32: loss 0.0575 accuracy 0.9688
Batch 31|32: loss 0.0208 accuracy 1.0000
Batch 32|32: loss 0.1455 accuracy 0.9375
Loss 0.0540 accuracy 0.9722
Time: 16.79
Dev: loss 0.7064 accuracy 0.8568 f1 0.7027

Epoch 28|30:
Batch 1|32: loss 0.0134 accuracy 1.0000
Batch 11|32: loss 0.0309 accuracy 0.9844
Batch 21|32: loss 0.0323 accuracy 0.9688
Batch 31|32: loss 0.0612 accuracy 0.9531
Batch 32|32: loss 0.0008 accuracy 1.0000
Loss 0.0402 accuracy 0.9766
Time: 16.77
Dev: loss 0.8491 accuracy 0.8523 f1 0.6591

Epoch 29|30:
Batch 1|32: loss 0.0018 accuracy 1.0000
Batch 11|32: loss 0.0137 accuracy 0.9844
Batch 21|32: loss 0.0624 accuracy 0.9375
Batch 31|32: loss 0.0126 accuracy 1.0000
Batch 32|32: loss 0.0470 accuracy 1.0000
Loss 0.0359 accuracy 0.9775
Time: 16.79
Dev: loss 0.8395 accuracy 0.8537 f1 0.6868

Epoch 30|30:
Batch 1|32: loss 0.0203 accuracy 0.9844
Batch 11|32: loss 0.0043 accuracy 1.0000
Batch 21|32: loss 0.0516 accuracy 0.9531
Batch 31|32: loss 0.0145 accuracy 0.9844
Batch 32|32: loss 0.0565 accuracy 0.9375
Loss 0.0364 accuracy 0.9727
Time: 16.80
Dev: loss 0.8409 accuracy 0.8460 f1 0.6186

Restore best model !
Test: accuracy 0.8668 f1 0.6909 

