- Model name: xlnet
- Dataset: res16
- Optimizer: adam
- Learning rate: 1e-05
- Dropout: 0.1
- Num epoch: 30
- Batch size: 64
- Pretrained name: xlnet-base-cased
- Pretrained dim: 768
- Max seq len: 50
- Polarities dim: 3
- Device: None 

Train size: 2000
Dev size: 300
Test size: 751

Epoch 1|30:
Batch 1|32: loss 2.4091 accuracy 0.5625
Batch 11|32: loss 0.7342 accuracy 0.6250
Batch 21|32: loss 0.7469 accuracy 0.7344
Batch 31|32: loss 0.5959 accuracy 0.7031
Batch 32|32: loss 0.5301 accuracy 0.7500
Loss 0.9629 accuracy 0.6299
Time: 20.55
Dev: loss 0.6424 accuracy 0.7716 f1 0.5685
Save model weight !

Epoch 2|30:
Batch 1|32: loss 0.6453 accuracy 0.7656
Batch 11|32: loss 0.4540 accuracy 0.9062
Batch 21|32: loss 0.3589 accuracy 0.8906
Batch 31|32: loss 0.2772 accuracy 0.9219
Batch 32|32: loss 0.2152 accuracy 0.9375
Loss 0.4818 accuracy 0.8369
Time: 21.89
Dev: loss 0.3369 accuracy 0.8832 f1 0.6519
Save model weight !

Epoch 3|30:
Batch 1|32: loss 0.4540 accuracy 0.8281
Batch 11|32: loss 0.4201 accuracy 0.8594
Batch 21|32: loss 0.4962 accuracy 0.8125
Batch 31|32: loss 0.2840 accuracy 0.9062
Batch 32|32: loss 0.0738 accuracy 1.0000
Loss 0.3184 accuracy 0.8853
Time: 21.00
Dev: loss 0.3501 accuracy 0.8832 f1 0.6947
Save model weight !

Epoch 4|30:
Batch 1|32: loss 0.2844 accuracy 0.8594
Batch 11|32: loss 0.2302 accuracy 0.9219
Batch 21|32: loss 0.1931 accuracy 0.9219
Batch 31|32: loss 0.1819 accuracy 0.9375
Batch 32|32: loss 0.0297 accuracy 1.0000
Loss 0.2426 accuracy 0.9019
Time: 20.56
Dev: loss 0.3781 accuracy 0.8849 f1 0.6503

Epoch 5|30:
Batch 1|32: loss 0.2125 accuracy 0.9219
Batch 11|32: loss 0.0918 accuracy 0.9375
Batch 21|32: loss 0.2214 accuracy 0.9219
Batch 31|32: loss 0.3865 accuracy 0.7812
Batch 32|32: loss 0.3411 accuracy 0.8125
Loss 0.1839 accuracy 0.9185
Time: 20.99
Dev: loss 0.4832 accuracy 0.8648 f1 0.6952
Save model weight !

Epoch 6|30:
Batch 1|32: loss 0.2678 accuracy 0.8906
Batch 11|32: loss 0.1240 accuracy 0.9531
Batch 21|32: loss 0.2926 accuracy 0.8750
Batch 31|32: loss 0.1692 accuracy 0.9219
Batch 32|32: loss 0.2875 accuracy 0.8750
Loss 0.1664 accuracy 0.9351
Time: 21.05
Dev: loss 0.3839 accuracy 0.8756 f1 0.6466

Epoch 7|30:
Batch 1|32: loss 0.1491 accuracy 0.9219
Batch 11|32: loss 0.2189 accuracy 0.9219
Batch 21|32: loss 0.2094 accuracy 0.9062
Batch 31|32: loss 0.1269 accuracy 0.9531
Batch 32|32: loss 0.0691 accuracy 1.0000
Loss 0.1338 accuracy 0.9385
Time: 20.96
Dev: loss 0.5251 accuracy 0.8707 f1 0.6964
Save model weight !

Epoch 8|30:
Batch 1|32: loss 0.0943 accuracy 0.9688
Batch 11|32: loss 0.1550 accuracy 0.9375
Batch 21|32: loss 0.1138 accuracy 0.9531
Batch 31|32: loss 0.2423 accuracy 0.9062
Batch 32|32: loss 0.0259 accuracy 1.0000
Loss 0.1136 accuracy 0.9531
Time: 20.95
Dev: loss 0.4462 accuracy 0.8724 f1 0.6730

Epoch 9|30:
Batch 1|32: loss 0.1706 accuracy 0.9219
Batch 11|32: loss 0.1784 accuracy 0.9062
Batch 21|32: loss 0.1171 accuracy 0.9688
Batch 31|32: loss 0.0568 accuracy 0.9688
Batch 32|32: loss 0.0829 accuracy 0.9375
Loss 0.0975 accuracy 0.9551
Time: 20.95
Dev: loss 0.5186 accuracy 0.8832 f1 0.7098
Save model weight !

Epoch 10|30:
Batch 1|32: loss 0.0620 accuracy 0.9688
Batch 11|32: loss 0.1092 accuracy 0.9531
Batch 21|32: loss 0.1441 accuracy 0.9062
Batch 31|32: loss 0.2090 accuracy 0.8906
Batch 32|32: loss 0.4011 accuracy 0.8125
Loss 0.0970 accuracy 0.9526
Time: 20.96
Dev: loss 0.6309 accuracy 0.8645 f1 0.6685

Epoch 11|30:
Batch 1|32: loss 0.0889 accuracy 0.9844
Batch 11|32: loss 0.0484 accuracy 0.9688
Batch 21|32: loss 0.0719 accuracy 0.9531
Batch 31|32: loss 0.0895 accuracy 0.9219
Batch 32|32: loss 0.0884 accuracy 0.9375
Loss 0.0861 accuracy 0.9585
Time: 21.00
Dev: loss 0.5537 accuracy 0.8460 f1 0.6310

Epoch 12|30:
Batch 1|32: loss 0.0722 accuracy 0.9531
Batch 11|32: loss 0.0947 accuracy 0.9375
Batch 21|32: loss 0.1355 accuracy 0.9531
Batch 31|32: loss 0.0541 accuracy 0.9844
Batch 32|32: loss 0.0011 accuracy 1.0000
Loss 0.0672 accuracy 0.9648
Time: 20.95
Dev: loss 0.6946 accuracy 0.8662 f1 0.6961

Epoch 13|30:
Batch 1|32: loss 0.0778 accuracy 0.9844
Batch 11|32: loss 0.0803 accuracy 0.9531
Batch 21|32: loss 0.1095 accuracy 0.9375
Batch 31|32: loss 0.0524 accuracy 0.9688
Batch 32|32: loss 0.0017 accuracy 1.0000
Loss 0.0651 accuracy 0.9663
Time: 20.95
Dev: loss 0.6223 accuracy 0.8631 f1 0.6898

Epoch 14|30:
Batch 1|32: loss 0.0406 accuracy 0.9688
Batch 11|32: loss 0.0956 accuracy 0.9531
Batch 21|32: loss 0.0521 accuracy 0.9531
Batch 31|32: loss 0.1107 accuracy 0.9688
Batch 32|32: loss 0.0452 accuracy 1.0000
Loss 0.0626 accuracy 0.9688
Time: 20.93
Dev: loss 0.7515 accuracy 0.8381 f1 0.6782

Epoch 15|30:
Batch 1|32: loss 0.0826 accuracy 0.9688
Batch 11|32: loss 0.0272 accuracy 0.9844
Batch 21|32: loss 0.0988 accuracy 0.9688
Batch 31|32: loss 0.1064 accuracy 0.9375
Batch 32|32: loss 0.0006 accuracy 1.0000
Loss 0.0562 accuracy 0.9707
Time: 20.95
Dev: loss 0.8134 accuracy 0.8631 f1 0.7239
Save model weight !

Epoch 16|30:
Batch 1|32: loss 0.0331 accuracy 0.9844
Batch 11|32: loss 0.0776 accuracy 0.9375
Batch 21|32: loss 0.0427 accuracy 0.9844
Batch 31|32: loss 0.0828 accuracy 0.9531
Batch 32|32: loss 0.0428 accuracy 1.0000
Loss 0.0565 accuracy 0.9717
Time: 20.90
Dev: loss 0.7214 accuracy 0.8631 f1 0.6938

Epoch 17|30:
Batch 1|32: loss 0.0652 accuracy 0.9688
Batch 11|32: loss 0.0259 accuracy 0.9844
Batch 21|32: loss 0.0569 accuracy 0.9844
Batch 31|32: loss 0.1014 accuracy 0.9688
Batch 32|32: loss 0.1620 accuracy 0.8750
Loss 0.0626 accuracy 0.9658
Time: 21.00
Dev: loss 0.7059 accuracy 0.8693 f1 0.6970

Epoch 18|30:
Batch 1|32: loss 0.0361 accuracy 0.9688
Batch 11|32: loss 0.0162 accuracy 0.9844
Batch 21|32: loss 0.0167 accuracy 0.9844
Batch 31|32: loss 0.0991 accuracy 0.9375
Batch 32|32: loss 0.0125 accuracy 1.0000
Loss 0.0506 accuracy 0.9683
Time: 20.94
Dev: loss 0.7019 accuracy 0.8599 f1 0.6852

Epoch 19|30:
Batch 1|32: loss 0.0223 accuracy 1.0000
Batch 11|32: loss 0.0186 accuracy 1.0000
Batch 21|32: loss 0.1219 accuracy 0.9688
Batch 31|32: loss 0.1154 accuracy 0.9375
Batch 32|32: loss 0.0004 accuracy 1.0000
Loss 0.0494 accuracy 0.9766
Time: 20.95
Dev: loss 0.6955 accuracy 0.8460 f1 0.6181

Epoch 20|30:
Batch 1|32: loss 0.0526 accuracy 0.9688
Batch 11|32: loss 0.1530 accuracy 0.8906
Batch 21|32: loss 0.0253 accuracy 1.0000
Batch 31|32: loss 0.0432 accuracy 0.9844
Batch 32|32: loss 0.0285 accuracy 1.0000
Loss 0.1015 accuracy 0.9590
Time: 20.96
Dev: loss 0.6442 accuracy 0.8739 f1 0.7167

Epoch 21|30:
Batch 1|32: loss 0.0461 accuracy 1.0000
Batch 11|32: loss 0.0478 accuracy 0.9688
Batch 21|32: loss 0.0138 accuracy 1.0000
Batch 31|32: loss 0.0510 accuracy 0.9531
Batch 32|32: loss 0.0747 accuracy 0.9375
Loss 0.0533 accuracy 0.9741
Time: 20.94
Dev: loss 0.6491 accuracy 0.8756 f1 0.7143

Epoch 22|30:
Batch 1|32: loss 0.0304 accuracy 0.9688
Batch 11|32: loss 0.0178 accuracy 1.0000
Batch 21|32: loss 0.0128 accuracy 1.0000
Batch 31|32: loss 0.0476 accuracy 0.9531
Batch 32|32: loss 0.0069 accuracy 1.0000
Loss 0.0435 accuracy 0.9727
Time: 20.96
Dev: loss 0.7026 accuracy 0.8818 f1 0.7220

Epoch 23|30:
Batch 1|32: loss 0.0216 accuracy 0.9844
Batch 11|32: loss 0.0137 accuracy 0.9844
Batch 21|32: loss 0.0154 accuracy 0.9844
Batch 31|32: loss 0.0494 accuracy 0.9531
Batch 32|32: loss 0.0638 accuracy 0.9375
Loss 0.0410 accuracy 0.9722
Time: 20.97
Dev: loss 0.6854 accuracy 0.8801 f1 0.7194

Epoch 24|30:
Batch 1|32: loss 0.0337 accuracy 0.9844
Batch 11|32: loss 0.0879 accuracy 0.9375
Batch 21|32: loss 0.0233 accuracy 0.9844
Batch 31|32: loss 0.0617 accuracy 0.9531
Batch 32|32: loss 0.0007 accuracy 1.0000
Loss 0.0403 accuracy 0.9727
Time: 20.95
Dev: loss 0.7217 accuracy 0.8895 f1 0.7172

Epoch 25|30:
Batch 1|32: loss 0.0314 accuracy 1.0000
Batch 11|32: loss 0.0700 accuracy 0.9531
Batch 21|32: loss 0.0347 accuracy 0.9844
Batch 31|32: loss 0.0021 accuracy 1.0000
Batch 32|32: loss 0.0000 accuracy 1.0000
Loss 0.0380 accuracy 0.9780
Time: 20.94
Dev: loss 0.8073 accuracy 0.8801 f1 0.7094

Epoch 26|30:
Batch 1|32: loss 0.0122 accuracy 0.9844
Batch 11|32: loss 0.0526 accuracy 0.9531
Batch 21|32: loss 0.0317 accuracy 0.9844
Batch 31|32: loss 0.0059 accuracy 1.0000
Batch 32|32: loss 0.1218 accuracy 0.8750
Loss 0.0412 accuracy 0.9717
Time: 20.97
Dev: loss 0.9122 accuracy 0.8770 f1 0.7028

Epoch 27|30:
Batch 1|32: loss 0.1275 accuracy 0.9531
Batch 11|32: loss 0.0753 accuracy 0.9375
Batch 21|32: loss 0.0562 accuracy 0.9844
Batch 31|32: loss 0.0185 accuracy 0.9844
Batch 32|32: loss 0.1396 accuracy 0.9375
Loss 0.0815 accuracy 0.9668
Time: 20.95
Dev: loss 0.7119 accuracy 0.8369 f1 0.6387

Epoch 28|30:
Batch 1|32: loss 0.0661 accuracy 0.9531
Batch 11|32: loss 0.0440 accuracy 0.9688
Batch 21|32: loss 0.0350 accuracy 0.9844
Batch 31|32: loss 0.0088 accuracy 1.0000
Batch 32|32: loss 0.1523 accuracy 0.9375
Loss 0.0608 accuracy 0.9697
Time: 20.96
Dev: loss 0.7605 accuracy 0.8631 f1 0.7330
Save model weight !

Epoch 29|30:
Batch 1|32: loss 0.0220 accuracy 1.0000
Batch 11|32: loss 0.0185 accuracy 0.9844
Batch 21|32: loss 0.0200 accuracy 0.9844
Batch 31|32: loss 0.0143 accuracy 1.0000
Batch 32|32: loss 0.0014 accuracy 1.0000
Loss 0.0463 accuracy 0.9756
Time: 20.89
Dev: loss 0.9443 accuracy 0.8756 f1 0.7469
Save model weight !

Epoch 30|30:
Batch 1|32: loss 0.0322 accuracy 1.0000
Batch 11|32: loss 0.0360 accuracy 0.9844
Batch 21|32: loss 0.0288 accuracy 1.0000
Batch 31|32: loss 0.0580 accuracy 0.9531
Batch 32|32: loss 0.0003 accuracy 1.0000
Loss 0.0370 accuracy 0.9746
Time: 21.01
Dev: loss 0.9545 accuracy 0.8662 f1 0.7347

Restore best model !
Test: accuracy 0.8828 f1 0.7283 

